CRITICAL - 2023-11-21 16:09:24 --> syntax error, unexpected single-quoted string "",", expecting "," or ";"
in APPPATH\Views\reporte\reporteView.php on line 99.
 1 SYSTEMPATH\View\View.php(216): CodeIgniter\View\View->CodeIgniter\View\{closure}()
 2 SYSTEMPATH\Common.php(1137): CodeIgniter\View\View->render('reporte/reporteView', [], true)
 3 APPPATH\Controllers\Reporte.php(52): view('reporte/reporteView', [...])
 4 SYSTEMPATH\CodeIgniter.php(904): App\Controllers\Reporte->reportes()
 5 SYSTEMPATH\CodeIgniter.php(457): CodeIgniter\CodeIgniter->runController(Object(App\Controllers\Reporte))
 6 SYSTEMPATH\CodeIgniter.php(340): CodeIgniter\CodeIgniter->handleRequest(null, Object(Config\Cache), false)
 7 FCPATH\index.php(67): CodeIgniter\CodeIgniter->run()
CRITICAL - 2023-11-21 16:10:12 --> Undefined array key 1
in APPPATH\Views\reporte\reporteView.php on line 99.
 1 APPPATH\Views\reporte\reporteView.php(99): CodeIgniter\Debug\Exceptions->errorHandler(2, 'Undefined array key 1', 'APPPATH\\Views\\reporte\\reporteView.php', 99)
 2 SYSTEMPATH\View\View.php(213): include('APPPATH\\Views\\reporte\\reporteView.php')
 3 SYSTEMPATH\View\View.php(216): CodeIgniter\View\View->CodeIgniter\View\{closure}()
 4 SYSTEMPATH\Common.php(1137): CodeIgniter\View\View->render('reporte/reporteView', [], true)
 5 APPPATH\Controllers\Reporte.php(52): view('reporte/reporteView', [...])
 6 SYSTEMPATH\CodeIgniter.php(904): App\Controllers\Reporte->reportes()
 7 SYSTEMPATH\CodeIgniter.php(457): CodeIgniter\CodeIgniter->runController(Object(App\Controllers\Reporte))
 8 SYSTEMPATH\CodeIgniter.php(340): CodeIgniter\CodeIgniter->handleRequest(null, Object(Config\Cache), false)
 9 FCPATH\index.php(67): CodeIgniter\CodeIgniter->run()
CRITICAL - 2023-11-21 16:26:51 --> You must set the database table to be used with your query.
in SYSTEMPATH\Database\BaseConnection.php on line 872.
 1 SYSTEMPATH\Model.php(586): CodeIgniter\Database\BaseConnection->table(null)
 2 SYSTEMPATH\Model.php(763): CodeIgniter\Model->builder()
 3 APPPATH\Controllers\Reporte.php(45): CodeIgniter\Model->__call('SelectEstudiantsMes', [...])
 4 SYSTEMPATH\CodeIgniter.php(904): App\Controllers\Reporte->reportes()
 5 SYSTEMPATH\CodeIgniter.php(457): CodeIgniter\CodeIgniter->runController(Object(App\Controllers\Reporte))
 6 SYSTEMPATH\CodeIgniter.php(340): CodeIgniter\CodeIgniter->handleRequest(null, Object(Config\Cache), false)
 7 FCPATH\index.php(67): CodeIgniter\CodeIgniter->run()
CRITICAL - 2023-11-21 16:27:34 --> Too few arguments to function App\Models\TallerModel::SelectCalificacionTallerMes(), 2 passed in C:\xampp\htdocs\tu_taller\app\Controllers\Reporte.php on line 45 and exactly 3 expected
in APPPATH\Models\TallerModel.php on line 331.
 1 APPPATH\Controllers\Reporte.php(45): App\Models\TallerModel->SelectCalificacionTallerMes('2023-09-01', '2023-11-25')
 2 SYSTEMPATH\CodeIgniter.php(904): App\Controllers\Reporte->reportes()
 3 SYSTEMPATH\CodeIgniter.php(457): CodeIgniter\CodeIgniter->runController(Object(App\Controllers\Reporte))
 4 SYSTEMPATH\CodeIgniter.php(340): CodeIgniter\CodeIgniter->handleRequest(null, Object(Config\Cache), false)
 5 FCPATH\index.php(67): CodeIgniter\CodeIgniter->run()
CRITICAL - 2023-11-21 16:27:51 --> Undefined array key 1
in APPPATH\Controllers\Reporte.php on line 58.
 1 APPPATH\Controllers\Reporte.php(58): CodeIgniter\Debug\Exceptions->errorHandler(2, 'Undefined array key 1', 'APPPATH\\Controllers\\Reporte.php', 58)
 2 APPPATH\Views\reporte\reporteView.php(95): App\Controllers\Reporte->fechaLiteral('10')
 3 SYSTEMPATH\View\View.php(213): include('APPPATH\\Views\\reporte\\reporteView.php')
 4 SYSTEMPATH\View\View.php(216): CodeIgniter\View\View->CodeIgniter\View\{closure}()
 5 SYSTEMPATH\Common.php(1137): CodeIgniter\View\View->render('reporte/reporteView', [], true)
 6 APPPATH\Controllers\Reporte.php(52): view('reporte/reporteView', [...])
 7 SYSTEMPATH\CodeIgniter.php(904): App\Controllers\Reporte->reportes()
 8 SYSTEMPATH\CodeIgniter.php(457): CodeIgniter\CodeIgniter->runController(Object(App\Controllers\Reporte))
 9 SYSTEMPATH\CodeIgniter.php(340): CodeIgniter\CodeIgniter->handleRequest(null, Object(Config\Cache), false)
10 FCPATH\index.php(67): CodeIgniter\CodeIgniter->run()
CRITICAL - 2023-11-21 17:43:48 --> Class "App\Controllers\Empresa" not found
in APPPATH\Views\reporte\reportePDFView.php on line 3.
 1 SYSTEMPATH\View\View.php(213): include()
 2 SYSTEMPATH\View\View.php(216): CodeIgniter\View\View->CodeIgniter\View\{closure}()
 3 SYSTEMPATH\Common.php(1137): CodeIgniter\View\View->render('reporte/reportePDFView', [], true)
 4 APPPATH\Controllers\Reporte.php(92): view('reporte/reportePDFView', [...])
 5 SYSTEMPATH\CodeIgniter.php(904): App\Controllers\Reporte->reportePDF()
 6 SYSTEMPATH\CodeIgniter.php(457): CodeIgniter\CodeIgniter->runController(Object(App\Controllers\Reporte))
 7 SYSTEMPATH\CodeIgniter.php(340): CodeIgniter\CodeIgniter->handleRequest(null, Object(Config\Cache), false)
 8 FCPATH\index.php(67): CodeIgniter\CodeIgniter->run()
CRITICAL - 2023-11-21 17:48:52 --> Invalid file: empresa/reportePDFView.php
in SYSTEMPATH\Exceptions\FrameworkException.php on line 33.
 1 SYSTEMPATH\View\View.php(201): CodeIgniter\Exceptions\FrameworkException::forInvalidFile('empresa/reportePDFView.php')
 2 SYSTEMPATH\Common.php(1137): CodeIgniter\View\View->render('empresa/reportePDFView', [], true)
 3 APPPATH\Controllers\Reporte.php(94): view('empresa/reportePDFView', [...])
 4 SYSTEMPATH\CodeIgniter.php(904): App\Controllers\Reporte->reportePDF()
 5 SYSTEMPATH\CodeIgniter.php(457): CodeIgniter\CodeIgniter->runController(Object(App\Controllers\Reporte))
 6 SYSTEMPATH\CodeIgniter.php(340): CodeIgniter\CodeIgniter->handleRequest(null, Object(Config\Cache), false)
 7 FCPATH\index.php(67): CodeIgniter\CodeIgniter->run()
CRITICAL - 2023-11-21 17:49:01 --> Class "App\Controllers\Dompdf" not found
in APPPATH\Controllers\Reporte.php on line 96.
 1 SYSTEMPATH\CodeIgniter.php(904): App\Controllers\Reporte->reportePDF()
 2 SYSTEMPATH\CodeIgniter.php(457): CodeIgniter\CodeIgniter->runController(Object(App\Controllers\Reporte))
 3 SYSTEMPATH\CodeIgniter.php(340): CodeIgniter\CodeIgniter->handleRequest(null, Object(Config\Cache), false)
 4 FCPATH\index.php(67): CodeIgniter\CodeIgniter->run()
CRITICAL - 2023-11-21 17:49:46 --> The PHP GD extension is required, but is not installed.
in APPPATH\Libraries\dompdf\vendor\dompdf\dompdf\lib\Cpdf.php on line 5825.
 1 APPPATH\Libraries\dompdf\vendor\dompdf\dompdf\src\Adapter\CPDF.php(846): Dompdf\Cpdf->addPngFromFile('C:\\Users\\GEEK STORE\\AppData\\Local\\Temp\\ca_2E5C.tmp', 208.5, 112.28400000000005, 375.0, 225.0)
 2 APPPATH\Libraries\dompdf\vendor\dompdf\dompdf\src\Renderer\Image.php(65): Dompdf\Adapter\CPDF->image('C:\\Users\\GEEK STORE\\AppData\\Local\\Temp\\ca_2E5C.tmp', 208.5, 274.71599999999995, 375.0, 225.0, 'normal')
 3 APPPATH\Libraries\dompdf\vendor\dompdf\dompdf\src\Renderer.php(290): Dompdf\Renderer\Image->render(Object(Dompdf\FrameDecorator\Image))
 4 APPPATH\Libraries\dompdf\vendor\dompdf\dompdf\src\Renderer.php(127): Dompdf\Renderer->_render_frame('image', Object(Dompdf\FrameDecorator\Image))
 5 APPPATH\Libraries\dompdf\vendor\dompdf\dompdf\src\Renderer.php(194): Dompdf\Renderer->render(Object(Dompdf\FrameDecorator\Image))
 6 APPPATH\Libraries\dompdf\vendor\dompdf\dompdf\src\Renderer.php(194): Dompdf\Renderer->render(Object(Dompdf\FrameDecorator\Block))
 7 APPPATH\Libraries\dompdf\vendor\dompdf\dompdf\src\FrameReflower\Page.php(150): Dompdf\Renderer->render(Object(Dompdf\FrameDecorator\Block))
 8 APPPATH\Libraries\dompdf\vendor\dompdf\dompdf\src\FrameDecorator\AbstractFrameDecorator.php(891): Dompdf\FrameReflower\Page->reflow(null)
 9 APPPATH\Libraries\dompdf\vendor\dompdf\dompdf\src\Dompdf.php(820): Dompdf\FrameDecorator\AbstractFrameDecorator->reflow()
10 APPPATH\Controllers\Reporte.php(112): Dompdf\Dompdf->render()
11 SYSTEMPATH\CodeIgniter.php(904): App\Controllers\Reporte->reportePDF()
12 SYSTEMPATH\CodeIgniter.php(457): CodeIgniter\CodeIgniter->runController(Object(App\Controllers\Reporte))
13 SYSTEMPATH\CodeIgniter.php(340): CodeIgniter\CodeIgniter->handleRequest(null, Object(Config\Cache), false)
14 FCPATH\index.php(67): CodeIgniter\CodeIgniter->run()
CRITICAL - 2023-11-21 17:49:52 --> Allowed memory size of 536870912 bytes exhausted (tried to allocate 260050944 bytes)
in APPPATH\Views\errors\html\error_exception.php on line 96.
 1 [internal function]: CodeIgniter\Debug\Exceptions->shutdownHandler()
CRITICAL - 2023-11-21 17:51:13 --> The PHP GD extension is required, but is not installed.
in APPPATH\Libraries\dompdf\vendor\dompdf\dompdf\lib\Cpdf.php on line 5825.
 1 APPPATH\Libraries\dompdf\vendor\dompdf\dompdf\src\Adapter\CPDF.php(846): Dompdf\Cpdf->addPngFromFile('C:\\Users\\GEEK STORE\\AppData\\Local\\Temp\\ca_8071.tmp', 208.5, 387.0, 375.0, 225.0)
 2 APPPATH\Libraries\dompdf\vendor\dompdf\dompdf\src\Renderer\Image.php(65): Dompdf\Adapter\CPDF->image('C:\\Users\\GEEK STORE\\AppData\\Local\\Temp\\ca_8071.tmp', 208.5, 0.0, 375.0, 225.0, 'normal')
 3 APPPATH\Libraries\dompdf\vendor\dompdf\dompdf\src\Renderer.php(290): Dompdf\Renderer\Image->render(Object(Dompdf\FrameDecorator\Image))
 4 APPPATH\Libraries\dompdf\vendor\dompdf\dompdf\src\Renderer.php(127): Dompdf\Renderer->_render_frame('image', Object(Dompdf\FrameDecorator\Image))
 5 APPPATH\Libraries\dompdf\vendor\dompdf\dompdf\src\Renderer.php(194): Dompdf\Renderer->render(Object(Dompdf\FrameDecorator\Image))
 6 APPPATH\Libraries\dompdf\vendor\dompdf\dompdf\src\Renderer.php(194): Dompdf\Renderer->render(Object(Dompdf\FrameDecorator\Block))
 7 APPPATH\Libraries\dompdf\vendor\dompdf\dompdf\src\FrameReflower\Page.php(150): Dompdf\Renderer->render(Object(Dompdf\FrameDecorator\Block))
 8 APPPATH\Libraries\dompdf\vendor\dompdf\dompdf\src\FrameDecorator\AbstractFrameDecorator.php(891): Dompdf\FrameReflower\Page->reflow(null)
 9 APPPATH\Libraries\dompdf\vendor\dompdf\dompdf\src\Dompdf.php(820): Dompdf\FrameDecorator\AbstractFrameDecorator->reflow()
10 APPPATH\Controllers\Reporte.php(112): Dompdf\Dompdf->render()
11 SYSTEMPATH\CodeIgniter.php(904): App\Controllers\Reporte->reportePDF()
12 SYSTEMPATH\CodeIgniter.php(457): CodeIgniter\CodeIgniter->runController(Object(App\Controllers\Reporte))
13 SYSTEMPATH\CodeIgniter.php(340): CodeIgniter\CodeIgniter->handleRequest(null, Object(Config\Cache), false)
14 FCPATH\index.php(67): CodeIgniter\CodeIgniter->run()
CRITICAL - 2023-11-21 17:51:19 --> Allowed memory size of 536870912 bytes exhausted (tried to allocate 262148096 bytes)
in APPPATH\Views\errors\html\error_exception.php on line 96.
 1 [internal function]: CodeIgniter\Debug\Exceptions->shutdownHandler()
CRITICAL - 2023-11-21 17:51:55 --> The PHP GD extension is required, but is not installed.
in APPPATH\Libraries\dompdf\vendor\dompdf\dompdf\lib\Cpdf.php on line 5825.
 1 APPPATH\Libraries\dompdf\vendor\dompdf\dompdf\src\Adapter\CPDF.php(846): Dompdf\Cpdf->addPngFromFile('C:\\Users\\GEEK STORE\\AppData\\Local\\Temp\\ca_2790.tmp', 208.5, 387.0, 375.0, 225.0)
 2 APPPATH\Libraries\dompdf\vendor\dompdf\dompdf\src\Renderer\Image.php(65): Dompdf\Adapter\CPDF->image('C:\\Users\\GEEK STORE\\AppData\\Local\\Temp\\ca_2790.tmp', 208.5, 0.0, 375.0, 225.0, 'normal')
 3 APPPATH\Libraries\dompdf\vendor\dompdf\dompdf\src\Renderer.php(290): Dompdf\Renderer\Image->render(Object(Dompdf\FrameDecorator\Image))
 4 APPPATH\Libraries\dompdf\vendor\dompdf\dompdf\src\Renderer.php(127): Dompdf\Renderer->_render_frame('image', Object(Dompdf\FrameDecorator\Image))
 5 APPPATH\Libraries\dompdf\vendor\dompdf\dompdf\src\Renderer.php(194): Dompdf\Renderer->render(Object(Dompdf\FrameDecorator\Image))
 6 APPPATH\Libraries\dompdf\vendor\dompdf\dompdf\src\Renderer.php(194): Dompdf\Renderer->render(Object(Dompdf\FrameDecorator\Block))
 7 APPPATH\Libraries\dompdf\vendor\dompdf\dompdf\src\FrameReflower\Page.php(150): Dompdf\Renderer->render(Object(Dompdf\FrameDecorator\Block))
 8 APPPATH\Libraries\dompdf\vendor\dompdf\dompdf\src\FrameDecorator\AbstractFrameDecorator.php(891): Dompdf\FrameReflower\Page->reflow(null)
 9 APPPATH\Libraries\dompdf\vendor\dompdf\dompdf\src\Dompdf.php(820): Dompdf\FrameDecorator\AbstractFrameDecorator->reflow()
10 APPPATH\Controllers\Reporte.php(112): Dompdf\Dompdf->render()
11 SYSTEMPATH\CodeIgniter.php(904): App\Controllers\Reporte->reportePDF()
12 SYSTEMPATH\CodeIgniter.php(457): CodeIgniter\CodeIgniter->runController(Object(App\Controllers\Reporte))
13 SYSTEMPATH\CodeIgniter.php(340): CodeIgniter\CodeIgniter->handleRequest(null, Object(Config\Cache), false)
14 FCPATH\index.php(67): CodeIgniter\CodeIgniter->run()
CRITICAL - 2023-11-21 17:52:01 --> Allowed memory size of 536870912 bytes exhausted (tried to allocate 262148096 bytes)
in APPPATH\Views\errors\html\error_exception.php on line 96.
 1 [internal function]: CodeIgniter\Debug\Exceptions->shutdownHandler()
CRITICAL - 2023-11-21 17:54:55 --> The PHP GD extension is required, but is not installed.
in APPPATH\Libraries\dompdf\vendor\dompdf\dompdf\lib\Cpdf.php on line 5825.
 1 APPPATH\Libraries\dompdf\vendor\dompdf\dompdf\src\Adapter\CPDF.php(846): Dompdf\Cpdf->addPngFromFile('C:\\Users\\GEEK STORE\\AppData\\Local\\Temp\\ca_E4AF.tmp', 208.5, 387.0, 375.0, 225.0)
 2 APPPATH\Libraries\dompdf\vendor\dompdf\dompdf\src\Renderer\Image.php(65): Dompdf\Adapter\CPDF->image('C:\\Users\\GEEK STORE\\AppData\\Local\\Temp\\ca_E4AF.tmp', 208.5, 0.0, 375.0, 225.0, 'normal')
 3 APPPATH\Libraries\dompdf\vendor\dompdf\dompdf\src\Renderer.php(290): Dompdf\Renderer\Image->render(Object(Dompdf\FrameDecorator\Image))
 4 APPPATH\Libraries\dompdf\vendor\dompdf\dompdf\src\Renderer.php(127): Dompdf\Renderer->_render_frame('image', Object(Dompdf\FrameDecorator\Image))
 5 APPPATH\Libraries\dompdf\vendor\dompdf\dompdf\src\Renderer.php(194): Dompdf\Renderer->render(Object(Dompdf\FrameDecorator\Image))
 6 APPPATH\Libraries\dompdf\vendor\dompdf\dompdf\src\Renderer.php(194): Dompdf\Renderer->render(Object(Dompdf\FrameDecorator\Block))
 7 APPPATH\Libraries\dompdf\vendor\dompdf\dompdf\src\FrameReflower\Page.php(150): Dompdf\Renderer->render(Object(Dompdf\FrameDecorator\Block))
 8 APPPATH\Libraries\dompdf\vendor\dompdf\dompdf\src\FrameDecorator\AbstractFrameDecorator.php(891): Dompdf\FrameReflower\Page->reflow(null)
 9 APPPATH\Libraries\dompdf\vendor\dompdf\dompdf\src\Dompdf.php(820): Dompdf\FrameDecorator\AbstractFrameDecorator->reflow()
10 APPPATH\Controllers\Reporte.php(112): Dompdf\Dompdf->render()
11 SYSTEMPATH\CodeIgniter.php(904): App\Controllers\Reporte->reportePDF()
12 SYSTEMPATH\CodeIgniter.php(457): CodeIgniter\CodeIgniter->runController(Object(App\Controllers\Reporte))
13 SYSTEMPATH\CodeIgniter.php(340): CodeIgniter\CodeIgniter->handleRequest(null, Object(Config\Cache), false)
14 FCPATH\index.php(67): CodeIgniter\CodeIgniter->run()
CRITICAL - 2023-11-21 17:55:01 --> Allowed memory size of 536870912 bytes exhausted (tried to allocate 262148096 bytes)
in APPPATH\Views\errors\html\error_exception.php on line 96.
 1 [internal function]: CodeIgniter\Debug\Exceptions->shutdownHandler()
CRITICAL - 2023-11-21 17:55:33 --> The PHP GD extension is required, but is not installed.
in APPPATH\Libraries\dompdf\vendor\dompdf\dompdf\lib\Cpdf.php on line 5825.
 1 APPPATH\Libraries\dompdf\vendor\dompdf\dompdf\src\Adapter\CPDF.php(846): Dompdf\Cpdf->addPngFromFile('C:\\Users\\GEEK STORE\\AppData\\Local\\Temp\\ca_7A4A.tmp', 208.5, 387.0, 375.0, 225.0)
 2 APPPATH\Libraries\dompdf\vendor\dompdf\dompdf\src\Renderer\Image.php(65): Dompdf\Adapter\CPDF->image('C:\\Users\\GEEK STORE\\AppData\\Local\\Temp\\ca_7A4A.tmp', 208.5, 0.0, 375.0, 225.0, 'normal')
 3 APPPATH\Libraries\dompdf\vendor\dompdf\dompdf\src\Renderer.php(290): Dompdf\Renderer\Image->render(Object(Dompdf\FrameDecorator\Image))
 4 APPPATH\Libraries\dompdf\vendor\dompdf\dompdf\src\Renderer.php(127): Dompdf\Renderer->_render_frame('image', Object(Dompdf\FrameDecorator\Image))
 5 APPPATH\Libraries\dompdf\vendor\dompdf\dompdf\src\Renderer.php(194): Dompdf\Renderer->render(Object(Dompdf\FrameDecorator\Image))
 6 APPPATH\Libraries\dompdf\vendor\dompdf\dompdf\src\Renderer.php(194): Dompdf\Renderer->render(Object(Dompdf\FrameDecorator\Block))
 7 APPPATH\Libraries\dompdf\vendor\dompdf\dompdf\src\FrameReflower\Page.php(150): Dompdf\Renderer->render(Object(Dompdf\FrameDecorator\Block))
 8 APPPATH\Libraries\dompdf\vendor\dompdf\dompdf\src\FrameDecorator\AbstractFrameDecorator.php(891): Dompdf\FrameReflower\Page->reflow(null)
 9 APPPATH\Libraries\dompdf\vendor\dompdf\dompdf\src\Dompdf.php(820): Dompdf\FrameDecorator\AbstractFrameDecorator->reflow()
10 APPPATH\Controllers\Reporte.php(112): Dompdf\Dompdf->render()
11 SYSTEMPATH\CodeIgniter.php(904): App\Controllers\Reporte->reportePDF()
12 SYSTEMPATH\CodeIgniter.php(457): CodeIgniter\CodeIgniter->runController(Object(App\Controllers\Reporte))
13 SYSTEMPATH\CodeIgniter.php(340): CodeIgniter\CodeIgniter->handleRequest(null, Object(Config\Cache), false)
14 FCPATH\index.php(67): CodeIgniter\CodeIgniter->run()
CRITICAL - 2023-11-21 17:55:39 --> Allowed memory size of 536870912 bytes exhausted (tried to allocate 262148096 bytes)
in APPPATH\Views\errors\html\error_exception.php on line 96.
 1 [internal function]: CodeIgniter\Debug\Exceptions->shutdownHandler()
CRITICAL - 2023-11-21 17:55:57 --> The PHP GD extension is required, but is not installed.
in APPPATH\Libraries\dompdf\vendor\dompdf\dompdf\lib\Cpdf.php on line 5825.
 1 APPPATH\Libraries\dompdf\vendor\dompdf\dompdf\src\Adapter\CPDF.php(846): Dompdf\Cpdf->addPngFromFile('C:\\Users\\GEEK STORE\\AppData\\Local\\Temp\\ca_D7AE.tmp', 208.5, 387.0, 375.0, 225.0)
 2 APPPATH\Libraries\dompdf\vendor\dompdf\dompdf\src\Renderer\Image.php(65): Dompdf\Adapter\CPDF->image('C:\\Users\\GEEK STORE\\AppData\\Local\\Temp\\ca_D7AE.tmp', 208.5, 0.0, 375.0, 225.0, 'normal')
 3 APPPATH\Libraries\dompdf\vendor\dompdf\dompdf\src\Renderer.php(290): Dompdf\Renderer\Image->render(Object(Dompdf\FrameDecorator\Image))
 4 APPPATH\Libraries\dompdf\vendor\dompdf\dompdf\src\Renderer.php(127): Dompdf\Renderer->_render_frame('image', Object(Dompdf\FrameDecorator\Image))
 5 APPPATH\Libraries\dompdf\vendor\dompdf\dompdf\src\Renderer.php(194): Dompdf\Renderer->render(Object(Dompdf\FrameDecorator\Image))
 6 APPPATH\Libraries\dompdf\vendor\dompdf\dompdf\src\Renderer.php(194): Dompdf\Renderer->render(Object(Dompdf\FrameDecorator\Block))
 7 APPPATH\Libraries\dompdf\vendor\dompdf\dompdf\src\FrameReflower\Page.php(150): Dompdf\Renderer->render(Object(Dompdf\FrameDecorator\Block))
 8 APPPATH\Libraries\dompdf\vendor\dompdf\dompdf\src\FrameDecorator\AbstractFrameDecorator.php(891): Dompdf\FrameReflower\Page->reflow(null)
 9 APPPATH\Libraries\dompdf\vendor\dompdf\dompdf\src\Dompdf.php(820): Dompdf\FrameDecorator\AbstractFrameDecorator->reflow()
10 APPPATH\Controllers\Reporte.php(112): Dompdf\Dompdf->render()
11 SYSTEMPATH\CodeIgniter.php(904): App\Controllers\Reporte->reportePDF()
12 SYSTEMPATH\CodeIgniter.php(457): CodeIgniter\CodeIgniter->runController(Object(App\Controllers\Reporte))
13 SYSTEMPATH\CodeIgniter.php(340): CodeIgniter\CodeIgniter->handleRequest(null, Object(Config\Cache), false)
14 FCPATH\index.php(67): CodeIgniter\CodeIgniter->run()
CRITICAL - 2023-11-21 17:56:04 --> Allowed memory size of 536870912 bytes exhausted (tried to allocate 262148096 bytes)
in APPPATH\Views\errors\html\error_exception.php on line 96.
 1 [internal function]: CodeIgniter\Debug\Exceptions->shutdownHandler()
