ERROR - 2023-10-25 14:45:03 --> mysqli_sql_exception: Table 'db_taller.itc_foro' doesn't exist in C:\xampp\htdocs\tu_taller\system\Database\MySQLi\Connection.php:292
Stack trace:
#0 C:\xampp\htdocs\tu_taller\system\Database\MySQLi\Connection.php(292): mysqli->query('SELECT F.itc_pr...', 0)
#1 C:\xampp\htdocs\tu_taller\system\Database\BaseConnection.php(693): CodeIgniter\Database\MySQLi\Connection->execute('SELECT F.itc_pr...')
#2 C:\xampp\htdocs\tu_taller\system\Database\BaseConnection.php(620): CodeIgniter\Database\BaseConnection->simpleQuery('SELECT F.itc_pr...')
#3 C:\xampp\htdocs\tu_taller\system\Database\BaseBuilder.php(1585): CodeIgniter\Database\BaseConnection->query('SELECT F.itc_pr...', Array, false)
#4 C:\xampp\htdocs\tu_taller\app\Models\ForoModel.php(78): CodeIgniter\Database\BaseBuilder->get()
#5 C:\xampp\htdocs\tu_taller\app\Controllers\Foro.php(43): App\Models\ForoModel->SelectPreguntaForo('1')
#6 C:\xampp\htdocs\tu_taller\system\CodeIgniter.php(904): App\Controllers\Foro->detalleForo()
#7 C:\xampp\htdocs\tu_taller\system\CodeIgniter.php(457): CodeIgniter\CodeIgniter->runController(Object(App\Controllers\Foro))
#8 C:\xampp\htdocs\tu_taller\system\CodeIgniter.php(340): CodeIgniter\CodeIgniter->handleRequest(NULL, Object(Config\Cache), false)
#9 C:\xampp\htdocs\tu_taller\public\index.php(67): CodeIgniter\CodeIgniter->run()
#10 {main}
CRITICAL - 2023-10-25 14:45:03 --> Table 'db_taller.itc_foro' doesn't exist
in SYSTEMPATH\Database\MySQLi\Connection.php on line 292.
 1 SYSTEMPATH\Database\MySQLi\Connection.php(292): mysqli->query('SELECT F.itc_pregunta AS \'pregunta\', U.itc_nombres AS \'nombre\', U.itc_primerApellido AS \'primerApellido\', U.itc_segundoApellido AS \'segundoApellido\', U.itc_foto AS \'foto\', U.itc_idUsuario AS \'idUsuario\'
FROM `itc_foro` `F`
INNER JOIN `itc_estudiante` `E` ON `E`.`itc_idEstudiante` = `F`.`itc_idEstudiante`
INNER JOIN `itc_usuario` `U` ON `U`.`itc_idUsuario` = `E`.`itc_idEstudiante`
WHERE `F`.`itc_idForo` = \'1\'', 0)
 2 SYSTEMPATH\Database\BaseConnection.php(693): CodeIgniter\Database\MySQLi\Connection->execute('SELECT F.itc_pregunta AS \'pregunta\', U.itc_nombres AS \'nombre\', U.itc_primerApellido AS \'primerApellido\', U.itc_segundoApellido AS \'segundoApellido\', U.itc_foto AS \'foto\', U.itc_idUsuario AS \'idUsuario\'
FROM `itc_foro` `F`
INNER JOIN `itc_estudiante` `E` ON `E`.`itc_idEstudiante` = `F`.`itc_idEstudiante`
INNER JOIN `itc_usuario` `U` ON `U`.`itc_idUsuario` = `E`.`itc_idEstudiante`
WHERE `F`.`itc_idForo` = \'1\'')
 3 SYSTEMPATH\Database\BaseConnection.php(620): CodeIgniter\Database\BaseConnection->simpleQuery('SELECT F.itc_pregunta AS \'pregunta\', U.itc_nombres AS \'nombre\', U.itc_primerApellido AS \'primerApellido\', U.itc_segundoApellido AS \'segundoApellido\', U.itc_foto AS \'foto\', U.itc_idUsuario AS \'idUsuario\'
FROM `itc_foro` `F`
INNER JOIN `itc_estudiante` `E` ON `E`.`itc_idEstudiante` = `F`.`itc_idEstudiante`
INNER JOIN `itc_usuario` `U` ON `U`.`itc_idUsuario` = `E`.`itc_idEstudiante`
WHERE `F`.`itc_idForo` = \'1\'')
 4 SYSTEMPATH\Database\BaseBuilder.php(1585): CodeIgniter\Database\BaseConnection->query('SELECT F.itc_pregunta AS \'pregunta\', U.itc_nombres AS \'nombre\', U.itc_primerApellido AS \'primerApellido\', U.itc_segundoApellido AS \'segundoApellido\', U.itc_foto AS \'foto\', U.itc_idUsuario AS \'idUsuario\'
FROM `itc_foro` `F`
INNER JOIN `itc_estudiante` `E` ON `E`.`itc_idEstudiante` = `F`.`itc_idEstudiante`
INNER JOIN `itc_usuario` `U` ON `U`.`itc_idUsuario` = `E`.`itc_idEstudiante`
WHERE `F`.`itc_idForo` = :F.itc_idForo:', [...], false)
 5 APPPATH\Models\ForoModel.php(78): CodeIgniter\Database\BaseBuilder->get()
 6 APPPATH\Controllers\Foro.php(43): App\Models\ForoModel->SelectPreguntaForo('1')
 7 SYSTEMPATH\CodeIgniter.php(904): App\Controllers\Foro->detalleForo()
 8 SYSTEMPATH\CodeIgniter.php(457): CodeIgniter\CodeIgniter->runController(Object(App\Controllers\Foro))
 9 SYSTEMPATH\CodeIgniter.php(340): CodeIgniter\CodeIgniter->handleRequest(null, Object(Config\Cache), false)
10 FCPATH\index.php(67): CodeIgniter\CodeIgniter->run()
ERROR - 2023-10-25 14:50:43 --> mysqli_sql_exception: Unknown column 'F.itc_idForo' in 'where clause' in C:\xampp\htdocs\tu_taller\system\Database\MySQLi\Connection.php:292
Stack trace:
#0 C:\xampp\htdocs\tu_taller\system\Database\MySQLi\Connection.php(292): mysqli->query('SELECT F.pregun...', 0)
#1 C:\xampp\htdocs\tu_taller\system\Database\BaseConnection.php(693): CodeIgniter\Database\MySQLi\Connection->execute('SELECT F.pregun...')
#2 C:\xampp\htdocs\tu_taller\system\Database\BaseConnection.php(620): CodeIgniter\Database\BaseConnection->simpleQuery('SELECT F.pregun...')
#3 C:\xampp\htdocs\tu_taller\system\Database\BaseBuilder.php(1585): CodeIgniter\Database\BaseConnection->query('SELECT F.pregun...', Array, false)
#4 C:\xampp\htdocs\tu_taller\app\Models\ForoModel.php(59): CodeIgniter\Database\BaseBuilder->get()
#5 C:\xampp\htdocs\tu_taller\app\Controllers\Foro.php(43): App\Models\ForoModel->SelectPreguntaForo('1')
#6 C:\xampp\htdocs\tu_taller\system\CodeIgniter.php(904): App\Controllers\Foro->detalleForo()
#7 C:\xampp\htdocs\tu_taller\system\CodeIgniter.php(457): CodeIgniter\CodeIgniter->runController(Object(App\Controllers\Foro))
#8 C:\xampp\htdocs\tu_taller\system\CodeIgniter.php(340): CodeIgniter\CodeIgniter->handleRequest(NULL, Object(Config\Cache), false)
#9 C:\xampp\htdocs\tu_taller\public\index.php(67): CodeIgniter\CodeIgniter->run()
#10 {main}
CRITICAL - 2023-10-25 14:50:43 --> Unknown column 'F.itc_idForo' in 'where clause'
in SYSTEMPATH\Database\MySQLi\Connection.php on line 292.
 1 SYSTEMPATH\Database\MySQLi\Connection.php(292): mysqli->query('SELECT F.pregunta AS \'pregunta\', CONCAT(C.nombres, \' \', `C`.`primerApellido`, \' \', C.segundoApellido) AS \'nombre\', C.foto AS \'foto\', U.idUsuario AS \'idUsuario\'
FROM `foro` `F`
INNER JOIN `usuario` `U` ON `U`.`idUsuario` = `E`.`idUsuario`
INNER JOIN `cliente` `C` ON `C`.`idCliente` = `U`.`idUsuario`
WHERE `F`.`itc_idForo` = \'1\'', 0)
 2 SYSTEMPATH\Database\BaseConnection.php(693): CodeIgniter\Database\MySQLi\Connection->execute('SELECT F.pregunta AS \'pregunta\', CONCAT(C.nombres, \' \', `C`.`primerApellido`, \' \', C.segundoApellido) AS \'nombre\', C.foto AS \'foto\', U.idUsuario AS \'idUsuario\'
FROM `foro` `F`
INNER JOIN `usuario` `U` ON `U`.`idUsuario` = `E`.`idUsuario`
INNER JOIN `cliente` `C` ON `C`.`idCliente` = `U`.`idUsuario`
WHERE `F`.`itc_idForo` = \'1\'')
 3 SYSTEMPATH\Database\BaseConnection.php(620): CodeIgniter\Database\BaseConnection->simpleQuery('SELECT F.pregunta AS \'pregunta\', CONCAT(C.nombres, \' \', `C`.`primerApellido`, \' \', C.segundoApellido) AS \'nombre\', C.foto AS \'foto\', U.idUsuario AS \'idUsuario\'
FROM `foro` `F`
INNER JOIN `usuario` `U` ON `U`.`idUsuario` = `E`.`idUsuario`
INNER JOIN `cliente` `C` ON `C`.`idCliente` = `U`.`idUsuario`
WHERE `F`.`itc_idForo` = \'1\'')
 4 SYSTEMPATH\Database\BaseBuilder.php(1585): CodeIgniter\Database\BaseConnection->query('SELECT F.pregunta AS \'pregunta\', CONCAT(C.nombres, \' \', `C`.`primerApellido`, \' \', C.segundoApellido) AS \'nombre\', C.foto AS \'foto\', U.idUsuario AS \'idUsuario\'
FROM `foro` `F`
INNER JOIN `usuario` `U` ON `U`.`idUsuario` = `E`.`idUsuario`
INNER JOIN `cliente` `C` ON `C`.`idCliente` = `U`.`idUsuario`
WHERE `F`.`itc_idForo` = :F.itc_idForo:', [...], false)
 5 APPPATH\Models\ForoModel.php(59): CodeIgniter\Database\BaseBuilder->get()
 6 APPPATH\Controllers\Foro.php(43): App\Models\ForoModel->SelectPreguntaForo('1')
 7 SYSTEMPATH\CodeIgniter.php(904): App\Controllers\Foro->detalleForo()
 8 SYSTEMPATH\CodeIgniter.php(457): CodeIgniter\CodeIgniter->runController(Object(App\Controllers\Foro))
 9 SYSTEMPATH\CodeIgniter.php(340): CodeIgniter\CodeIgniter->handleRequest(null, Object(Config\Cache), false)
10 FCPATH\index.php(67): CodeIgniter\CodeIgniter->run()
ERROR - 2023-10-25 14:50:58 --> mysqli_sql_exception: Unknown column 'E.idUsuario' in 'on clause' in C:\xampp\htdocs\tu_taller\system\Database\MySQLi\Connection.php:292
Stack trace:
#0 C:\xampp\htdocs\tu_taller\system\Database\MySQLi\Connection.php(292): mysqli->query('SELECT F.pregun...', 0)
#1 C:\xampp\htdocs\tu_taller\system\Database\BaseConnection.php(693): CodeIgniter\Database\MySQLi\Connection->execute('SELECT F.pregun...')
#2 C:\xampp\htdocs\tu_taller\system\Database\BaseConnection.php(620): CodeIgniter\Database\BaseConnection->simpleQuery('SELECT F.pregun...')
#3 C:\xampp\htdocs\tu_taller\system\Database\BaseBuilder.php(1585): CodeIgniter\Database\BaseConnection->query('SELECT F.pregun...', Array, false)
#4 C:\xampp\htdocs\tu_taller\app\Models\ForoModel.php(59): CodeIgniter\Database\BaseBuilder->get()
#5 C:\xampp\htdocs\tu_taller\app\Controllers\Foro.php(43): App\Models\ForoModel->SelectPreguntaForo('1')
#6 C:\xampp\htdocs\tu_taller\system\CodeIgniter.php(904): App\Controllers\Foro->detalleForo()
#7 C:\xampp\htdocs\tu_taller\system\CodeIgniter.php(457): CodeIgniter\CodeIgniter->runController(Object(App\Controllers\Foro))
#8 C:\xampp\htdocs\tu_taller\system\CodeIgniter.php(340): CodeIgniter\CodeIgniter->handleRequest(NULL, Object(Config\Cache), false)
#9 C:\xampp\htdocs\tu_taller\public\index.php(67): CodeIgniter\CodeIgniter->run()
#10 {main}
CRITICAL - 2023-10-25 14:50:58 --> Unknown column 'E.idUsuario' in 'on clause'
in SYSTEMPATH\Database\MySQLi\Connection.php on line 292.
 1 SYSTEMPATH\Database\MySQLi\Connection.php(292): mysqli->query('SELECT F.pregunta AS \'pregunta\', CONCAT(C.nombres, \' \', `C`.`primerApellido`, \' \', C.segundoApellido) AS \'nombre\', C.foto AS \'foto\', U.idUsuario AS \'idUsuario\'
FROM `foro` `F`
INNER JOIN `usuario` `U` ON `U`.`idUsuario` = `E`.`idUsuario`
INNER JOIN `cliente` `C` ON `C`.`idCliente` = `U`.`idUsuario`
WHERE `F`.`idForo` = \'1\'', 0)
 2 SYSTEMPATH\Database\BaseConnection.php(693): CodeIgniter\Database\MySQLi\Connection->execute('SELECT F.pregunta AS \'pregunta\', CONCAT(C.nombres, \' \', `C`.`primerApellido`, \' \', C.segundoApellido) AS \'nombre\', C.foto AS \'foto\', U.idUsuario AS \'idUsuario\'
FROM `foro` `F`
INNER JOIN `usuario` `U` ON `U`.`idUsuario` = `E`.`idUsuario`
INNER JOIN `cliente` `C` ON `C`.`idCliente` = `U`.`idUsuario`
WHERE `F`.`idForo` = \'1\'')
 3 SYSTEMPATH\Database\BaseConnection.php(620): CodeIgniter\Database\BaseConnection->simpleQuery('SELECT F.pregunta AS \'pregunta\', CONCAT(C.nombres, \' \', `C`.`primerApellido`, \' \', C.segundoApellido) AS \'nombre\', C.foto AS \'foto\', U.idUsuario AS \'idUsuario\'
FROM `foro` `F`
INNER JOIN `usuario` `U` ON `U`.`idUsuario` = `E`.`idUsuario`
INNER JOIN `cliente` `C` ON `C`.`idCliente` = `U`.`idUsuario`
WHERE `F`.`idForo` = \'1\'')
 4 SYSTEMPATH\Database\BaseBuilder.php(1585): CodeIgniter\Database\BaseConnection->query('SELECT F.pregunta AS \'pregunta\', CONCAT(C.nombres, \' \', `C`.`primerApellido`, \' \', C.segundoApellido) AS \'nombre\', C.foto AS \'foto\', U.idUsuario AS \'idUsuario\'
FROM `foro` `F`
INNER JOIN `usuario` `U` ON `U`.`idUsuario` = `E`.`idUsuario`
INNER JOIN `cliente` `C` ON `C`.`idCliente` = `U`.`idUsuario`
WHERE `F`.`idForo` = :F.idForo:', [...], false)
 5 APPPATH\Models\ForoModel.php(59): CodeIgniter\Database\BaseBuilder->get()
 6 APPPATH\Controllers\Foro.php(43): App\Models\ForoModel->SelectPreguntaForo('1')
 7 SYSTEMPATH\CodeIgniter.php(904): App\Controllers\Foro->detalleForo()
 8 SYSTEMPATH\CodeIgniter.php(457): CodeIgniter\CodeIgniter->runController(Object(App\Controllers\Foro))
 9 SYSTEMPATH\CodeIgniter.php(340): CodeIgniter\CodeIgniter->handleRequest(null, Object(Config\Cache), false)
10 FCPATH\index.php(67): CodeIgniter\CodeIgniter->run()
CRITICAL - 2023-10-25 14:51:10 --> Undefined property: stdClass::$primerApellido
in APPPATH\Controllers\Foro.php on line 47.
 1 APPPATH\Controllers\Foro.php(47): CodeIgniter\Debug\Exceptions->errorHandler(2, 'Undefined property: stdClass::$primerApellido', 'APPPATH\\Controllers\\Foro.php', 47)
 2 SYSTEMPATH\CodeIgniter.php(904): App\Controllers\Foro->detalleForo()
 3 SYSTEMPATH\CodeIgniter.php(457): CodeIgniter\CodeIgniter->runController(Object(App\Controllers\Foro))
 4 SYSTEMPATH\CodeIgniter.php(340): CodeIgniter\CodeIgniter->handleRequest(null, Object(Config\Cache), false)
 5 FCPATH\index.php(67): CodeIgniter\CodeIgniter->run()
ERROR - 2023-10-25 14:51:28 --> mysqli_sql_exception: Table 'db_taller.itc_comentario' doesn't exist in C:\xampp\htdocs\tu_taller\system\Database\MySQLi\Connection.php:292
Stack trace:
#0 C:\xampp\htdocs\tu_taller\system\Database\MySQLi\Connection.php(292): mysqli->query('SELECT C.itc_co...', 0)
#1 C:\xampp\htdocs\tu_taller\system\Database\BaseConnection.php(693): CodeIgniter\Database\MySQLi\Connection->execute('SELECT C.itc_co...')
#2 C:\xampp\htdocs\tu_taller\system\Database\BaseConnection.php(620): CodeIgniter\Database\BaseConnection->simpleQuery('SELECT C.itc_co...')
#3 C:\xampp\htdocs\tu_taller\system\Database\BaseBuilder.php(1585): CodeIgniter\Database\BaseConnection->query('SELECT C.itc_co...', Array, false)
#4 C:\xampp\htdocs\tu_taller\app\Models\ForoModel.php(77): CodeIgniter\Database\BaseBuilder->get()
#5 C:\xampp\htdocs\tu_taller\app\Controllers\Foro.php(51): App\Models\ForoModel->SelectRespuestas('1')
#6 C:\xampp\htdocs\tu_taller\system\CodeIgniter.php(904): App\Controllers\Foro->detalleForo()
#7 C:\xampp\htdocs\tu_taller\system\CodeIgniter.php(457): CodeIgniter\CodeIgniter->runController(Object(App\Controllers\Foro))
#8 C:\xampp\htdocs\tu_taller\system\CodeIgniter.php(340): CodeIgniter\CodeIgniter->handleRequest(NULL, Object(Config\Cache), false)
#9 C:\xampp\htdocs\tu_taller\public\index.php(67): CodeIgniter\CodeIgniter->run()
#10 {main}
CRITICAL - 2023-10-25 14:51:28 --> Table 'db_taller.itc_comentario' doesn't exist
in SYSTEMPATH\Database\MySQLi\Connection.php on line 292.
 1 SYSTEMPATH\Database\MySQLi\Connection.php(292): mysqli->query('SELECT C.itc_comentario AS \'comentario\', U.itc_nombres AS \'nombre\', U.itc_primerApellido AS \'primerApellido\', U.itc_segundoApellido AS \'segundoApellido\', C.itc_fechaRegistro AS \'fechaRegistro\', U.itc_foto AS \'foto\', `U`.`itc_idUsuario` AS `idUsuario`
FROM `itc_comentario` `C`
INNER JOIN `itc_estudiante` `E` ON `E`.`itc_idEstudiante` = `C`.`itc_idEstudiante`
INNER JOIN `itc_usuario` `U` ON `U`.`itc_idUsuario` = `E`.`itc_idEstudiante`
WHERE `C`.`itc_idForo` = \'1\'', 0)
 2 SYSTEMPATH\Database\BaseConnection.php(693): CodeIgniter\Database\MySQLi\Connection->execute('SELECT C.itc_comentario AS \'comentario\', U.itc_nombres AS \'nombre\', U.itc_primerApellido AS \'primerApellido\', U.itc_segundoApellido AS \'segundoApellido\', C.itc_fechaRegistro AS \'fechaRegistro\', U.itc_foto AS \'foto\', `U`.`itc_idUsuario` AS `idUsuario`
FROM `itc_comentario` `C`
INNER JOIN `itc_estudiante` `E` ON `E`.`itc_idEstudiante` = `C`.`itc_idEstudiante`
INNER JOIN `itc_usuario` `U` ON `U`.`itc_idUsuario` = `E`.`itc_idEstudiante`
WHERE `C`.`itc_idForo` = \'1\'')
 3 SYSTEMPATH\Database\BaseConnection.php(620): CodeIgniter\Database\BaseConnection->simpleQuery('SELECT C.itc_comentario AS \'comentario\', U.itc_nombres AS \'nombre\', U.itc_primerApellido AS \'primerApellido\', U.itc_segundoApellido AS \'segundoApellido\', C.itc_fechaRegistro AS \'fechaRegistro\', U.itc_foto AS \'foto\', `U`.`itc_idUsuario` AS `idUsuario`
FROM `itc_comentario` `C`
INNER JOIN `itc_estudiante` `E` ON `E`.`itc_idEstudiante` = `C`.`itc_idEstudiante`
INNER JOIN `itc_usuario` `U` ON `U`.`itc_idUsuario` = `E`.`itc_idEstudiante`
WHERE `C`.`itc_idForo` = \'1\'')
 4 SYSTEMPATH\Database\BaseBuilder.php(1585): CodeIgniter\Database\BaseConnection->query('SELECT C.itc_comentario AS \'comentario\', U.itc_nombres AS \'nombre\', U.itc_primerApellido AS \'primerApellido\', U.itc_segundoApellido AS \'segundoApellido\', C.itc_fechaRegistro AS \'fechaRegistro\', U.itc_foto AS \'foto\', `U`.`itc_idUsuario` AS `idUsuario`
FROM `itc_comentario` `C`
INNER JOIN `itc_estudiante` `E` ON `E`.`itc_idEstudiante` = `C`.`itc_idEstudiante`
INNER JOIN `itc_usuario` `U` ON `U`.`itc_idUsuario` = `E`.`itc_idEstudiante`
WHERE `C`.`itc_idForo` = :C.itc_idForo:', [...], false)
 5 APPPATH\Models\ForoModel.php(77): CodeIgniter\Database\BaseBuilder->get()
 6 APPPATH\Controllers\Foro.php(51): App\Models\ForoModel->SelectRespuestas('1')
 7 SYSTEMPATH\CodeIgniter.php(904): App\Controllers\Foro->detalleForo()
 8 SYSTEMPATH\CodeIgniter.php(457): CodeIgniter\CodeIgniter->runController(Object(App\Controllers\Foro))
 9 SYSTEMPATH\CodeIgniter.php(340): CodeIgniter\CodeIgniter->handleRequest(null, Object(Config\Cache), false)
10 FCPATH\index.php(67): CodeIgniter\CodeIgniter->run()
ERROR - 2023-10-25 14:53:53 --> mysqli_sql_exception: Unknown column 'C.comentario' in 'field list' in C:\xampp\htdocs\tu_taller\system\Database\MySQLi\Connection.php:292
Stack trace:
#0 C:\xampp\htdocs\tu_taller\system\Database\MySQLi\Connection.php(292): mysqli->query('SELECT C.coment...', 0)
#1 C:\xampp\htdocs\tu_taller\system\Database\BaseConnection.php(693): CodeIgniter\Database\MySQLi\Connection->execute('SELECT C.coment...')
#2 C:\xampp\htdocs\tu_taller\system\Database\BaseConnection.php(620): CodeIgniter\Database\BaseConnection->simpleQuery('SELECT C.coment...')
#3 C:\xampp\htdocs\tu_taller\system\Database\BaseBuilder.php(1585): CodeIgniter\Database\BaseConnection->query('SELECT C.coment...', Array, false)
#4 C:\xampp\htdocs\tu_taller\app\Models\ForoModel.php(77): CodeIgniter\Database\BaseBuilder->get()
#5 C:\xampp\htdocs\tu_taller\app\Controllers\Foro.php(51): App\Models\ForoModel->SelectRespuestas('1')
#6 C:\xampp\htdocs\tu_taller\system\CodeIgniter.php(904): App\Controllers\Foro->detalleForo()
#7 C:\xampp\htdocs\tu_taller\system\CodeIgniter.php(457): CodeIgniter\CodeIgniter->runController(Object(App\Controllers\Foro))
#8 C:\xampp\htdocs\tu_taller\system\CodeIgniter.php(340): CodeIgniter\CodeIgniter->handleRequest(NULL, Object(Config\Cache), false)
#9 C:\xampp\htdocs\tu_taller\public\index.php(67): CodeIgniter\CodeIgniter->run()
#10 {main}
CRITICAL - 2023-10-25 14:53:53 --> Unknown column 'C.comentario' in 'field list'
in SYSTEMPATH\Database\MySQLi\Connection.php on line 292.
 1 SYSTEMPATH\Database\MySQLi\Connection.php(292): mysqli->query('SELECT C.comentario AS \'comentario\', CONCAT(CL.nombres, \' \', `CL`.`primerApellido`, \' \', CL.segundoApellido) AS \'nombre\', C.fechaRegistro AS \'fechaRegistro\', CL.foto AS \'foto\', `U`.`idUsuario` AS `idUsuario`
FROM `comentario` `C`
INNER JOIN `usuario` `U` ON `U`.`idUsuario` = `C`.`idEstudiante`
INNER JOIN `cliente` `CL` ON `CL`.`idCliente` = `U`.`idUsuario`
WHERE `C`.`idForo` = \'1\'', 0)
 2 SYSTEMPATH\Database\BaseConnection.php(693): CodeIgniter\Database\MySQLi\Connection->execute('SELECT C.comentario AS \'comentario\', CONCAT(CL.nombres, \' \', `CL`.`primerApellido`, \' \', CL.segundoApellido) AS \'nombre\', C.fechaRegistro AS \'fechaRegistro\', CL.foto AS \'foto\', `U`.`idUsuario` AS `idUsuario`
FROM `comentario` `C`
INNER JOIN `usuario` `U` ON `U`.`idUsuario` = `C`.`idEstudiante`
INNER JOIN `cliente` `CL` ON `CL`.`idCliente` = `U`.`idUsuario`
WHERE `C`.`idForo` = \'1\'')
 3 SYSTEMPATH\Database\BaseConnection.php(620): CodeIgniter\Database\BaseConnection->simpleQuery('SELECT C.comentario AS \'comentario\', CONCAT(CL.nombres, \' \', `CL`.`primerApellido`, \' \', CL.segundoApellido) AS \'nombre\', C.fechaRegistro AS \'fechaRegistro\', CL.foto AS \'foto\', `U`.`idUsuario` AS `idUsuario`
FROM `comentario` `C`
INNER JOIN `usuario` `U` ON `U`.`idUsuario` = `C`.`idEstudiante`
INNER JOIN `cliente` `CL` ON `CL`.`idCliente` = `U`.`idUsuario`
WHERE `C`.`idForo` = \'1\'')
 4 SYSTEMPATH\Database\BaseBuilder.php(1585): CodeIgniter\Database\BaseConnection->query('SELECT C.comentario AS \'comentario\', CONCAT(CL.nombres, \' \', `CL`.`primerApellido`, \' \', CL.segundoApellido) AS \'nombre\', C.fechaRegistro AS \'fechaRegistro\', CL.foto AS \'foto\', `U`.`idUsuario` AS `idUsuario`
FROM `comentario` `C`
INNER JOIN `usuario` `U` ON `U`.`idUsuario` = `C`.`idEstudiante`
INNER JOIN `cliente` `CL` ON `CL`.`idCliente` = `U`.`idUsuario`
WHERE `C`.`idForo` = :C.idForo:', [...], false)
 5 APPPATH\Models\ForoModel.php(77): CodeIgniter\Database\BaseBuilder->get()
 6 APPPATH\Controllers\Foro.php(51): App\Models\ForoModel->SelectRespuestas('1')
 7 SYSTEMPATH\CodeIgniter.php(904): App\Controllers\Foro->detalleForo()
 8 SYSTEMPATH\CodeIgniter.php(457): CodeIgniter\CodeIgniter->runController(Object(App\Controllers\Foro))
 9 SYSTEMPATH\CodeIgniter.php(340): CodeIgniter\CodeIgniter->handleRequest(null, Object(Config\Cache), false)
10 FCPATH\index.php(67): CodeIgniter\CodeIgniter->run()
ERROR - 2023-10-25 14:54:07 --> mysqli_sql_exception: Unknown column 'C.fechaRegistro' in 'field list' in C:\xampp\htdocs\tu_taller\system\Database\MySQLi\Connection.php:292
Stack trace:
#0 C:\xampp\htdocs\tu_taller\system\Database\MySQLi\Connection.php(292): mysqli->query('SELECT C.descri...', 0)
#1 C:\xampp\htdocs\tu_taller\system\Database\BaseConnection.php(693): CodeIgniter\Database\MySQLi\Connection->execute('SELECT C.descri...')
#2 C:\xampp\htdocs\tu_taller\system\Database\BaseConnection.php(620): CodeIgniter\Database\BaseConnection->simpleQuery('SELECT C.descri...')
#3 C:\xampp\htdocs\tu_taller\system\Database\BaseBuilder.php(1585): CodeIgniter\Database\BaseConnection->query('SELECT C.descri...', Array, false)
#4 C:\xampp\htdocs\tu_taller\app\Models\ForoModel.php(77): CodeIgniter\Database\BaseBuilder->get()
#5 C:\xampp\htdocs\tu_taller\app\Controllers\Foro.php(51): App\Models\ForoModel->SelectRespuestas('1')
#6 C:\xampp\htdocs\tu_taller\system\CodeIgniter.php(904): App\Controllers\Foro->detalleForo()
#7 C:\xampp\htdocs\tu_taller\system\CodeIgniter.php(457): CodeIgniter\CodeIgniter->runController(Object(App\Controllers\Foro))
#8 C:\xampp\htdocs\tu_taller\system\CodeIgniter.php(340): CodeIgniter\CodeIgniter->handleRequest(NULL, Object(Config\Cache), false)
#9 C:\xampp\htdocs\tu_taller\public\index.php(67): CodeIgniter\CodeIgniter->run()
#10 {main}
CRITICAL - 2023-10-25 14:54:07 --> Unknown column 'C.fechaRegistro' in 'field list'
in SYSTEMPATH\Database\MySQLi\Connection.php on line 292.
 1 SYSTEMPATH\Database\MySQLi\Connection.php(292): mysqli->query('SELECT C.descripcion AS \'comentario\', CONCAT(CL.nombres, \' \', `CL`.`primerApellido`, \' \', CL.segundoApellido) AS \'nombre\', C.fechaRegistro AS \'fechaRegistro\', CL.foto AS \'foto\', `U`.`idUsuario` AS `idUsuario`
FROM `comentario` `C`
INNER JOIN `usuario` `U` ON `U`.`idUsuario` = `C`.`idEstudiante`
INNER JOIN `cliente` `CL` ON `CL`.`idCliente` = `U`.`idUsuario`
WHERE `C`.`idForo` = \'1\'', 0)
 2 SYSTEMPATH\Database\BaseConnection.php(693): CodeIgniter\Database\MySQLi\Connection->execute('SELECT C.descripcion AS \'comentario\', CONCAT(CL.nombres, \' \', `CL`.`primerApellido`, \' \', CL.segundoApellido) AS \'nombre\', C.fechaRegistro AS \'fechaRegistro\', CL.foto AS \'foto\', `U`.`idUsuario` AS `idUsuario`
FROM `comentario` `C`
INNER JOIN `usuario` `U` ON `U`.`idUsuario` = `C`.`idEstudiante`
INNER JOIN `cliente` `CL` ON `CL`.`idCliente` = `U`.`idUsuario`
WHERE `C`.`idForo` = \'1\'')
 3 SYSTEMPATH\Database\BaseConnection.php(620): CodeIgniter\Database\BaseConnection->simpleQuery('SELECT C.descripcion AS \'comentario\', CONCAT(CL.nombres, \' \', `CL`.`primerApellido`, \' \', CL.segundoApellido) AS \'nombre\', C.fechaRegistro AS \'fechaRegistro\', CL.foto AS \'foto\', `U`.`idUsuario` AS `idUsuario`
FROM `comentario` `C`
INNER JOIN `usuario` `U` ON `U`.`idUsuario` = `C`.`idEstudiante`
INNER JOIN `cliente` `CL` ON `CL`.`idCliente` = `U`.`idUsuario`
WHERE `C`.`idForo` = \'1\'')
 4 SYSTEMPATH\Database\BaseBuilder.php(1585): CodeIgniter\Database\BaseConnection->query('SELECT C.descripcion AS \'comentario\', CONCAT(CL.nombres, \' \', `CL`.`primerApellido`, \' \', CL.segundoApellido) AS \'nombre\', C.fechaRegistro AS \'fechaRegistro\', CL.foto AS \'foto\', `U`.`idUsuario` AS `idUsuario`
FROM `comentario` `C`
INNER JOIN `usuario` `U` ON `U`.`idUsuario` = `C`.`idEstudiante`
INNER JOIN `cliente` `CL` ON `CL`.`idCliente` = `U`.`idUsuario`
WHERE `C`.`idForo` = :C.idForo:', [...], false)
 5 APPPATH\Models\ForoModel.php(77): CodeIgniter\Database\BaseBuilder->get()
 6 APPPATH\Controllers\Foro.php(51): App\Models\ForoModel->SelectRespuestas('1')
 7 SYSTEMPATH\CodeIgniter.php(904): App\Controllers\Foro->detalleForo()
 8 SYSTEMPATH\CodeIgniter.php(457): CodeIgniter\CodeIgniter->runController(Object(App\Controllers\Foro))
 9 SYSTEMPATH\CodeIgniter.php(340): CodeIgniter\CodeIgniter->handleRequest(null, Object(Config\Cache), false)
10 FCPATH\index.php(67): CodeIgniter\CodeIgniter->run()
ERROR - 2023-10-25 14:54:32 --> mysqli_sql_exception: Unknown column 'C.idEstudiante' in 'on clause' in C:\xampp\htdocs\tu_taller\system\Database\MySQLi\Connection.php:292
Stack trace:
#0 C:\xampp\htdocs\tu_taller\system\Database\MySQLi\Connection.php(292): mysqli->query('SELECT C.descri...', 0)
#1 C:\xampp\htdocs\tu_taller\system\Database\BaseConnection.php(693): CodeIgniter\Database\MySQLi\Connection->execute('SELECT C.descri...')
#2 C:\xampp\htdocs\tu_taller\system\Database\BaseConnection.php(620): CodeIgniter\Database\BaseConnection->simpleQuery('SELECT C.descri...')
#3 C:\xampp\htdocs\tu_taller\system\Database\BaseBuilder.php(1585): CodeIgniter\Database\BaseConnection->query('SELECT C.descri...', Array, false)
#4 C:\xampp\htdocs\tu_taller\app\Models\ForoModel.php(77): CodeIgniter\Database\BaseBuilder->get()
#5 C:\xampp\htdocs\tu_taller\app\Controllers\Foro.php(51): App\Models\ForoModel->SelectRespuestas('1')
#6 C:\xampp\htdocs\tu_taller\system\CodeIgniter.php(904): App\Controllers\Foro->detalleForo()
#7 C:\xampp\htdocs\tu_taller\system\CodeIgniter.php(457): CodeIgniter\CodeIgniter->runController(Object(App\Controllers\Foro))
#8 C:\xampp\htdocs\tu_taller\system\CodeIgniter.php(340): CodeIgniter\CodeIgniter->handleRequest(NULL, Object(Config\Cache), false)
#9 C:\xampp\htdocs\tu_taller\public\index.php(67): CodeIgniter\CodeIgniter->run()
#10 {main}
CRITICAL - 2023-10-25 14:54:32 --> Unknown column 'C.idEstudiante' in 'on clause'
in SYSTEMPATH\Database\MySQLi\Connection.php on line 292.
 1 SYSTEMPATH\Database\MySQLi\Connection.php(292): mysqli->query('SELECT C.descripcion AS \'comentario\', CONCAT(CL.nombres, \' \', `CL`.`primerApellido`, \' \', CL.segundoApellido) AS \'nombre\', C.fechaCreacion AS \'fechaRegistro\', CL.foto AS \'foto\', `U`.`idUsuario` AS `idUsuario`
FROM `comentario` `C`
INNER JOIN `usuario` `U` ON `U`.`idUsuario` = `C`.`idEstudiante`
INNER JOIN `cliente` `CL` ON `CL`.`idCliente` = `U`.`idUsuario`
WHERE `C`.`idForo` = \'1\'', 0)
 2 SYSTEMPATH\Database\BaseConnection.php(693): CodeIgniter\Database\MySQLi\Connection->execute('SELECT C.descripcion AS \'comentario\', CONCAT(CL.nombres, \' \', `CL`.`primerApellido`, \' \', CL.segundoApellido) AS \'nombre\', C.fechaCreacion AS \'fechaRegistro\', CL.foto AS \'foto\', `U`.`idUsuario` AS `idUsuario`
FROM `comentario` `C`
INNER JOIN `usuario` `U` ON `U`.`idUsuario` = `C`.`idEstudiante`
INNER JOIN `cliente` `CL` ON `CL`.`idCliente` = `U`.`idUsuario`
WHERE `C`.`idForo` = \'1\'')
 3 SYSTEMPATH\Database\BaseConnection.php(620): CodeIgniter\Database\BaseConnection->simpleQuery('SELECT C.descripcion AS \'comentario\', CONCAT(CL.nombres, \' \', `CL`.`primerApellido`, \' \', CL.segundoApellido) AS \'nombre\', C.fechaCreacion AS \'fechaRegistro\', CL.foto AS \'foto\', `U`.`idUsuario` AS `idUsuario`
FROM `comentario` `C`
INNER JOIN `usuario` `U` ON `U`.`idUsuario` = `C`.`idEstudiante`
INNER JOIN `cliente` `CL` ON `CL`.`idCliente` = `U`.`idUsuario`
WHERE `C`.`idForo` = \'1\'')
 4 SYSTEMPATH\Database\BaseBuilder.php(1585): CodeIgniter\Database\BaseConnection->query('SELECT C.descripcion AS \'comentario\', CONCAT(CL.nombres, \' \', `CL`.`primerApellido`, \' \', CL.segundoApellido) AS \'nombre\', C.fechaCreacion AS \'fechaRegistro\', CL.foto AS \'foto\', `U`.`idUsuario` AS `idUsuario`
FROM `comentario` `C`
INNER JOIN `usuario` `U` ON `U`.`idUsuario` = `C`.`idEstudiante`
INNER JOIN `cliente` `CL` ON `CL`.`idCliente` = `U`.`idUsuario`
WHERE `C`.`idForo` = :C.idForo:', [...], false)
 5 APPPATH\Models\ForoModel.php(77): CodeIgniter\Database\BaseBuilder->get()
 6 APPPATH\Controllers\Foro.php(51): App\Models\ForoModel->SelectRespuestas('1')
 7 SYSTEMPATH\CodeIgniter.php(904): App\Controllers\Foro->detalleForo()
 8 SYSTEMPATH\CodeIgniter.php(457): CodeIgniter\CodeIgniter->runController(Object(App\Controllers\Foro))
 9 SYSTEMPATH\CodeIgniter.php(340): CodeIgniter\CodeIgniter->handleRequest(null, Object(Config\Cache), false)
10 FCPATH\index.php(67): CodeIgniter\CodeIgniter->run()
ERROR - 2023-10-25 14:54:44 --> mysqli_sql_exception: Unknown column 'C.idUsuario' in 'on clause' in C:\xampp\htdocs\tu_taller\system\Database\MySQLi\Connection.php:292
Stack trace:
#0 C:\xampp\htdocs\tu_taller\system\Database\MySQLi\Connection.php(292): mysqli->query('SELECT C.descri...', 0)
#1 C:\xampp\htdocs\tu_taller\system\Database\BaseConnection.php(693): CodeIgniter\Database\MySQLi\Connection->execute('SELECT C.descri...')
#2 C:\xampp\htdocs\tu_taller\system\Database\BaseConnection.php(620): CodeIgniter\Database\BaseConnection->simpleQuery('SELECT C.descri...')
#3 C:\xampp\htdocs\tu_taller\system\Database\BaseBuilder.php(1585): CodeIgniter\Database\BaseConnection->query('SELECT C.descri...', Array, false)
#4 C:\xampp\htdocs\tu_taller\app\Models\ForoModel.php(77): CodeIgniter\Database\BaseBuilder->get()
#5 C:\xampp\htdocs\tu_taller\app\Controllers\Foro.php(51): App\Models\ForoModel->SelectRespuestas('1')
#6 C:\xampp\htdocs\tu_taller\system\CodeIgniter.php(904): App\Controllers\Foro->detalleForo()
#7 C:\xampp\htdocs\tu_taller\system\CodeIgniter.php(457): CodeIgniter\CodeIgniter->runController(Object(App\Controllers\Foro))
#8 C:\xampp\htdocs\tu_taller\system\CodeIgniter.php(340): CodeIgniter\CodeIgniter->handleRequest(NULL, Object(Config\Cache), false)
#9 C:\xampp\htdocs\tu_taller\public\index.php(67): CodeIgniter\CodeIgniter->run()
#10 {main}
CRITICAL - 2023-10-25 14:54:44 --> Unknown column 'C.idUsuario' in 'on clause'
in SYSTEMPATH\Database\MySQLi\Connection.php on line 292.
 1 SYSTEMPATH\Database\MySQLi\Connection.php(292): mysqli->query('SELECT C.descripcion AS \'comentario\', CONCAT(CL.nombres, \' \', `CL`.`primerApellido`, \' \', CL.segundoApellido) AS \'nombre\', C.fechaCreacion AS \'fechaRegistro\', CL.foto AS \'foto\', `U`.`idUsuario` AS `idUsuario`
FROM `comentario` `C`
INNER JOIN `usuario` `U` ON `U`.`idUsuario` = `C`.`idUsuario`
INNER JOIN `cliente` `CL` ON `CL`.`idCliente` = `U`.`idUsuario`
WHERE `C`.`idForo` = \'1\'', 0)
 2 SYSTEMPATH\Database\BaseConnection.php(693): CodeIgniter\Database\MySQLi\Connection->execute('SELECT C.descripcion AS \'comentario\', CONCAT(CL.nombres, \' \', `CL`.`primerApellido`, \' \', CL.segundoApellido) AS \'nombre\', C.fechaCreacion AS \'fechaRegistro\', CL.foto AS \'foto\', `U`.`idUsuario` AS `idUsuario`
FROM `comentario` `C`
INNER JOIN `usuario` `U` ON `U`.`idUsuario` = `C`.`idUsuario`
INNER JOIN `cliente` `CL` ON `CL`.`idCliente` = `U`.`idUsuario`
WHERE `C`.`idForo` = \'1\'')
 3 SYSTEMPATH\Database\BaseConnection.php(620): CodeIgniter\Database\BaseConnection->simpleQuery('SELECT C.descripcion AS \'comentario\', CONCAT(CL.nombres, \' \', `CL`.`primerApellido`, \' \', CL.segundoApellido) AS \'nombre\', C.fechaCreacion AS \'fechaRegistro\', CL.foto AS \'foto\', `U`.`idUsuario` AS `idUsuario`
FROM `comentario` `C`
INNER JOIN `usuario` `U` ON `U`.`idUsuario` = `C`.`idUsuario`
INNER JOIN `cliente` `CL` ON `CL`.`idCliente` = `U`.`idUsuario`
WHERE `C`.`idForo` = \'1\'')
 4 SYSTEMPATH\Database\BaseBuilder.php(1585): CodeIgniter\Database\BaseConnection->query('SELECT C.descripcion AS \'comentario\', CONCAT(CL.nombres, \' \', `CL`.`primerApellido`, \' \', CL.segundoApellido) AS \'nombre\', C.fechaCreacion AS \'fechaRegistro\', CL.foto AS \'foto\', `U`.`idUsuario` AS `idUsuario`
FROM `comentario` `C`
INNER JOIN `usuario` `U` ON `U`.`idUsuario` = `C`.`idUsuario`
INNER JOIN `cliente` `CL` ON `CL`.`idCliente` = `U`.`idUsuario`
WHERE `C`.`idForo` = :C.idForo:', [...], false)
 5 APPPATH\Models\ForoModel.php(77): CodeIgniter\Database\BaseBuilder->get()
 6 APPPATH\Controllers\Foro.php(51): App\Models\ForoModel->SelectRespuestas('1')
 7 SYSTEMPATH\CodeIgniter.php(904): App\Controllers\Foro->detalleForo()
 8 SYSTEMPATH\CodeIgniter.php(457): CodeIgniter\CodeIgniter->runController(Object(App\Controllers\Foro))
 9 SYSTEMPATH\CodeIgniter.php(340): CodeIgniter\CodeIgniter->handleRequest(null, Object(Config\Cache), false)
10 FCPATH\index.php(67): CodeIgniter\CodeIgniter->run()
CRITICAL - 2023-10-25 14:59:39 --> Invalid file: foro/detalleForoView.php
in SYSTEMPATH\Exceptions\FrameworkException.php on line 33.
 1 SYSTEMPATH\View\View.php(201): CodeIgniter\Exceptions\FrameworkException::forInvalidFile('foro/detalleForoView.php')
 2 SYSTEMPATH\Common.php(1137): CodeIgniter\View\View->render('foro/detalleForoView', [], true)
 3 APPPATH\Controllers\Foro.php(55): view('foro/detalleForoView', [...])
 4 SYSTEMPATH\CodeIgniter.php(904): App\Controllers\Foro->detalleForo()
 5 SYSTEMPATH\CodeIgniter.php(457): CodeIgniter\CodeIgniter->runController(Object(App\Controllers\Foro))
 6 SYSTEMPATH\CodeIgniter.php(340): CodeIgniter\CodeIgniter->handleRequest(null, Object(Config\Cache), false)
 7 FCPATH\index.php(67): CodeIgniter\CodeIgniter->run()
CRITICAL - 2023-10-25 15:00:28 --> Undefined variable $primerApellido
in APPPATH\Views\foro\detalleForoView.php on line 13.
 1 APPPATH\Views\foro\detalleForoView.php(13): CodeIgniter\Debug\Exceptions->errorHandler(2, 'Undefined variable $primerApellido', 'APPPATH\\Views\\foro\\detalleForoView.php', 13)
 2 SYSTEMPATH\View\View.php(213): include('APPPATH\\Views\\foro\\detalleForoView.php')
 3 SYSTEMPATH\View\View.php(216): CodeIgniter\View\View->CodeIgniter\View\{closure}()
 4 SYSTEMPATH\Common.php(1137): CodeIgniter\View\View->render('foro/detalleForoView', [], true)
 5 APPPATH\Controllers\Foro.php(55): view('foro/detalleForoView', [...])
 6 SYSTEMPATH\CodeIgniter.php(904): App\Controllers\Foro->detalleForo()
 7 SYSTEMPATH\CodeIgniter.php(457): CodeIgniter\CodeIgniter->runController(Object(App\Controllers\Foro))
 8 SYSTEMPATH\CodeIgniter.php(340): CodeIgniter\CodeIgniter->handleRequest(null, Object(Config\Cache), false)
 9 FCPATH\index.php(67): CodeIgniter\CodeIgniter->run()
ERROR - 2023-10-25 15:05:23 --> mysqli_sql_exception: Unknown column 'comentario' in 'field list' in C:\xampp\htdocs\tu_taller\system\Database\MySQLi\Connection.php:292
Stack trace:
#0 C:\xampp\htdocs\tu_taller\system\Database\MySQLi\Connection.php(292): mysqli->query('INSERT INTO `co...', 0)
#1 C:\xampp\htdocs\tu_taller\system\Database\BaseConnection.php(693): CodeIgniter\Database\MySQLi\Connection->execute('INSERT INTO `co...')
#2 C:\xampp\htdocs\tu_taller\system\Database\BaseConnection.php(620): CodeIgniter\Database\BaseConnection->simpleQuery('INSERT INTO `co...')
#3 C:\xampp\htdocs\tu_taller\system\Database\BaseBuilder.php(1916): CodeIgniter\Database\BaseConnection->query('INSERT INTO `co...', Array, false)
#4 C:\xampp\htdocs\tu_taller\app\Models\ForoModel.php(98): CodeIgniter\Database\BaseBuilder->insert(Array)
#5 C:\xampp\htdocs\tu_taller\app\Controllers\Foro.php(66): App\Models\ForoModel->InsertComentario('1', '6', 'Tienes que saca...')
#6 C:\xampp\htdocs\tu_taller\system\CodeIgniter.php(904): App\Controllers\Foro->comentarioForo()
#7 C:\xampp\htdocs\tu_taller\system\CodeIgniter.php(457): CodeIgniter\CodeIgniter->runController(Object(App\Controllers\Foro))
#8 C:\xampp\htdocs\tu_taller\system\CodeIgniter.php(340): CodeIgniter\CodeIgniter->handleRequest(NULL, Object(Config\Cache), false)
#9 C:\xampp\htdocs\tu_taller\public\index.php(67): CodeIgniter\CodeIgniter->run()
#10 {main}
CRITICAL - 2023-10-25 15:05:23 --> Unknown column 'comentario' in 'field list'
in SYSTEMPATH\Database\MySQLi\Connection.php on line 292.
 1 SYSTEMPATH\Database\MySQLi\Connection.php(292): mysqli->query('INSERT INTO `comentario` (`idUsuario`, `idForo`, `comentario`) VALUES (\'6\', \'1\', \'Tienes que sacar la bugia y ver si esta bien \')', 0)
 2 SYSTEMPATH\Database\BaseConnection.php(693): CodeIgniter\Database\MySQLi\Connection->execute('INSERT INTO `comentario` (`idUsuario`, `idForo`, `comentario`) VALUES (\'6\', \'1\', \'Tienes que sacar la bugia y ver si esta bien \')')
 3 SYSTEMPATH\Database\BaseConnection.php(620): CodeIgniter\Database\BaseConnection->simpleQuery('INSERT INTO `comentario` (`idUsuario`, `idForo`, `comentario`) VALUES (\'6\', \'1\', \'Tienes que sacar la bugia y ver si esta bien \')')
 4 SYSTEMPATH\Database\BaseBuilder.php(1916): CodeIgniter\Database\BaseConnection->query('INSERT INTO `comentario` (`idUsuario`, `idForo`, `comentario`) VALUES (:idUsuario:, :idForo:, :comentario:)', [...], false)
 5 APPPATH\Models\ForoModel.php(98): CodeIgniter\Database\BaseBuilder->insert([...])
 6 APPPATH\Controllers\Foro.php(66): App\Models\ForoModel->InsertComentario('1', '6', 'Tienes que sacar la bugia y ver si esta bien ')
 7 SYSTEMPATH\CodeIgniter.php(904): App\Controllers\Foro->comentarioForo()
 8 SYSTEMPATH\CodeIgniter.php(457): CodeIgniter\CodeIgniter->runController(Object(App\Controllers\Foro))
 9 SYSTEMPATH\CodeIgniter.php(340): CodeIgniter\CodeIgniter->handleRequest(null, Object(Config\Cache), false)
10 FCPATH\index.php(67): CodeIgniter\CodeIgniter->run()
CRITICAL - 2023-10-25 15:05:38 --> Undefined property: stdClass::$primerApellido
in APPPATH\Views\foro\detalleForoView.php on line 72.
 1 APPPATH\Views\foro\detalleForoView.php(72): CodeIgniter\Debug\Exceptions->errorHandler(2, 'Undefined property: stdClass::$primerApellido', 'APPPATH\\Views\\foro\\detalleForoView.php', 72)
 2 SYSTEMPATH\View\View.php(213): include('APPPATH\\Views\\foro\\detalleForoView.php')
 3 SYSTEMPATH\View\View.php(216): CodeIgniter\View\View->CodeIgniter\View\{closure}()
 4 SYSTEMPATH\Common.php(1137): CodeIgniter\View\View->render('foro/detalleForoView', [], true)
 5 APPPATH\Controllers\Foro.php(55): view('foro/detalleForoView', [...])
 6 SYSTEMPATH\CodeIgniter.php(904): App\Controllers\Foro->detalleForo()
 7 SYSTEMPATH\CodeIgniter.php(457): CodeIgniter\CodeIgniter->runController(Object(App\Controllers\Foro))
 8 SYSTEMPATH\CodeIgniter.php(340): CodeIgniter\CodeIgniter->handleRequest(null, Object(Config\Cache), false)
 9 FCPATH\index.php(67): CodeIgniter\CodeIgniter->run()
CRITICAL - 2023-10-25 15:06:08 --> Undefined variable $foto
in APPPATH\Views\foro\detalleForoView.php on line 10.
 1 APPPATH\Views\foro\detalleForoView.php(10): CodeIgniter\Debug\Exceptions->errorHandler(2, 'Undefined variable $foto', 'APPPATH\\Views\\foro\\detalleForoView.php', 10)
 2 SYSTEMPATH\View\View.php(213): include('APPPATH\\Views\\foro\\detalleForoView.php')
 3 SYSTEMPATH\View\View.php(216): CodeIgniter\View\View->CodeIgniter\View\{closure}()
 4 SYSTEMPATH\Common.php(1137): CodeIgniter\View\View->render('foro/detalleForoView', [], true)
 5 APPPATH\Controllers\Foro.php(55): view('foro/detalleForoView', [...])
 6 SYSTEMPATH\CodeIgniter.php(904): App\Controllers\Foro->detalleForo()
 7 SYSTEMPATH\CodeIgniter.php(457): CodeIgniter\CodeIgniter->runController(Object(App\Controllers\Foro))
 8 SYSTEMPATH\CodeIgniter.php(340): CodeIgniter\CodeIgniter->handleRequest(null, Object(Config\Cache), false)
 9 FCPATH\index.php(67): CodeIgniter\CodeIgniter->run()
CRITICAL - 2023-10-25 16:11:20 --> Undefined variable $foto
in APPPATH\Views\foro\detalleForoView.php on line 10.
 1 APPPATH\Views\foro\detalleForoView.php(10): CodeIgniter\Debug\Exceptions->errorHandler(2, 'Undefined variable $foto', 'APPPATH\\Views\\foro\\detalleForoView.php', 10)
 2 SYSTEMPATH\View\View.php(213): include('APPPATH\\Views\\foro\\detalleForoView.php')
 3 SYSTEMPATH\View\View.php(216): CodeIgniter\View\View->CodeIgniter\View\{closure}()
 4 SYSTEMPATH\Common.php(1137): CodeIgniter\View\View->render('foro/detalleForoView', [], true)
 5 APPPATH\Controllers\Foro.php(55): view('foro/detalleForoView', [...])
 6 SYSTEMPATH\CodeIgniter.php(904): App\Controllers\Foro->detalleForo()
 7 SYSTEMPATH\CodeIgniter.php(457): CodeIgniter\CodeIgniter->runController(Object(App\Controllers\Foro))
 8 SYSTEMPATH\CodeIgniter.php(340): CodeIgniter\CodeIgniter->handleRequest(null, Object(Config\Cache), false)
 9 FCPATH\index.php(67): CodeIgniter\CodeIgniter->run()
ERROR - 2023-10-25 20:52:14 --> mysqli_sql_exception: You have an error in your SQL syntax; check the manual that corresponds to your MySQL server version for the right syntax to use near 'longitud'
FROM `Taller`' at line 1 in C:\xampp\htdocs\tu_taller\system\Database\MySQLi\Connection.php:292
Stack trace:
#0 C:\xampp\htdocs\tu_taller\system\Database\MySQLi\Connection.php(292): mysqli->query('SELECT nombre A...', 0)
#1 C:\xampp\htdocs\tu_taller\system\Database\BaseConnection.php(693): CodeIgniter\Database\MySQLi\Connection->execute('SELECT nombre A...')
#2 C:\xampp\htdocs\tu_taller\system\Database\BaseConnection.php(620): CodeIgniter\Database\BaseConnection->simpleQuery('SELECT nombre A...')
#3 C:\xampp\htdocs\tu_taller\system\Database\BaseBuilder.php(1585): CodeIgniter\Database\BaseConnection->query('SELECT nombre A...', Array, false)
#4 C:\xampp\htdocs\tu_taller\app\Models\TallerModel.php(263): CodeIgniter\Database\BaseBuilder->get()
#5 C:\xampp\htdocs\tu_taller\app\Controllers\Ayuda.php(24): App\Models\TallerModel->SelectTalleresAyuda()
#6 C:\xampp\htdocs\tu_taller\system\CodeIgniter.php(904): App\Controllers\Ayuda->mapaAyuda()
#7 C:\xampp\htdocs\tu_taller\system\CodeIgniter.php(457): CodeIgniter\CodeIgniter->runController(Object(App\Controllers\Ayuda))
#8 C:\xampp\htdocs\tu_taller\system\CodeIgniter.php(340): CodeIgniter\CodeIgniter->handleRequest(NULL, Object(Config\Cache), false)
#9 C:\xampp\htdocs\tu_taller\public\index.php(67): CodeIgniter\CodeIgniter->run()
#10 {main}
CRITICAL - 2023-10-25 20:52:14 --> You have an error in your SQL syntax; check the manual that corresponds to your MySQL server version for the right syntax to use near 'longitud'
FROM `Taller`' at line 1
in SYSTEMPATH\Database\MySQLi\Connection.php on line 292.
 1 SYSTEMPATH\Database\MySQLi\Connection.php(292): mysqli->query('SELECT nombre AS \'nombre\', idTaller AS \'idTaller\', latitud AS \'latitud, longitud AS \'longitud\'
FROM `Taller`', 0)
 2 SYSTEMPATH\Database\BaseConnection.php(693): CodeIgniter\Database\MySQLi\Connection->execute('SELECT nombre AS \'nombre\', idTaller AS \'idTaller\', latitud AS \'latitud, longitud AS \'longitud\'
FROM `Taller`')
 3 SYSTEMPATH\Database\BaseConnection.php(620): CodeIgniter\Database\BaseConnection->simpleQuery('SELECT nombre AS \'nombre\', idTaller AS \'idTaller\', latitud AS \'latitud, longitud AS \'longitud\'
FROM `Taller`')
 4 SYSTEMPATH\Database\BaseBuilder.php(1585): CodeIgniter\Database\BaseConnection->query('SELECT nombre AS \'nombre\', idTaller AS \'idTaller\', latitud AS \'latitud, longitud AS \'longitud\'
FROM `Taller`', [], false)
 5 APPPATH\Models\TallerModel.php(263): CodeIgniter\Database\BaseBuilder->get()
 6 APPPATH\Controllers\Ayuda.php(24): App\Models\TallerModel->SelectTalleresAyuda()
 7 SYSTEMPATH\CodeIgniter.php(904): App\Controllers\Ayuda->mapaAyuda()
 8 SYSTEMPATH\CodeIgniter.php(457): CodeIgniter\CodeIgniter->runController(Object(App\Controllers\Ayuda))
 9 SYSTEMPATH\CodeIgniter.php(340): CodeIgniter\CodeIgniter->handleRequest(null, Object(Config\Cache), false)
10 FCPATH\index.php(67): CodeIgniter\CodeIgniter->run()
ERROR - 2023-10-25 20:53:01 --> mysqli_sql_exception: You have an error in your SQL syntax; check the manual that corresponds to your MySQL server version for the right syntax to use near 'longitud'
FROM `Taller`' at line 1 in C:\xampp\htdocs\tu_taller\system\Database\MySQLi\Connection.php:292
Stack trace:
#0 C:\xampp\htdocs\tu_taller\system\Database\MySQLi\Connection.php(292): mysqli->query('SELECT nombre A...', 0)
#1 C:\xampp\htdocs\tu_taller\system\Database\BaseConnection.php(693): CodeIgniter\Database\MySQLi\Connection->execute('SELECT nombre A...')
#2 C:\xampp\htdocs\tu_taller\system\Database\BaseConnection.php(620): CodeIgniter\Database\BaseConnection->simpleQuery('SELECT nombre A...')
#3 C:\xampp\htdocs\tu_taller\system\Database\BaseBuilder.php(1585): CodeIgniter\Database\BaseConnection->query('SELECT nombre A...', Array, false)
#4 C:\xampp\htdocs\tu_taller\app\Models\TallerModel.php(263): CodeIgniter\Database\BaseBuilder->get()
#5 C:\xampp\htdocs\tu_taller\app\Controllers\Ayuda.php(24): App\Models\TallerModel->SelectTalleresAyuda()
#6 C:\xampp\htdocs\tu_taller\system\CodeIgniter.php(904): App\Controllers\Ayuda->mapaAyuda()
#7 C:\xampp\htdocs\tu_taller\system\CodeIgniter.php(457): CodeIgniter\CodeIgniter->runController(Object(App\Controllers\Ayuda))
#8 C:\xampp\htdocs\tu_taller\system\CodeIgniter.php(340): CodeIgniter\CodeIgniter->handleRequest(NULL, Object(Config\Cache), false)
#9 C:\xampp\htdocs\tu_taller\public\index.php(67): CodeIgniter\CodeIgniter->run()
#10 {main}
CRITICAL - 2023-10-25 20:53:01 --> You have an error in your SQL syntax; check the manual that corresponds to your MySQL server version for the right syntax to use near 'longitud'
FROM `Taller`' at line 1
in SYSTEMPATH\Database\MySQLi\Connection.php on line 292.
 1 SYSTEMPATH\Database\MySQLi\Connection.php(292): mysqli->query('SELECT nombre AS \'nombre\', idTaller AS \'idTaller\', latitud AS \'latitud, longitud AS \'longitud\'
FROM `Taller`', 0)
 2 SYSTEMPATH\Database\BaseConnection.php(693): CodeIgniter\Database\MySQLi\Connection->execute('SELECT nombre AS \'nombre\', idTaller AS \'idTaller\', latitud AS \'latitud, longitud AS \'longitud\'
FROM `Taller`')
 3 SYSTEMPATH\Database\BaseConnection.php(620): CodeIgniter\Database\BaseConnection->simpleQuery('SELECT nombre AS \'nombre\', idTaller AS \'idTaller\', latitud AS \'latitud, longitud AS \'longitud\'
FROM `Taller`')
 4 SYSTEMPATH\Database\BaseBuilder.php(1585): CodeIgniter\Database\BaseConnection->query('SELECT nombre AS \'nombre\', idTaller AS \'idTaller\', latitud AS \'latitud, longitud AS \'longitud\'
FROM `Taller`', [], false)
 5 APPPATH\Models\TallerModel.php(263): CodeIgniter\Database\BaseBuilder->get()
 6 APPPATH\Controllers\Ayuda.php(24): App\Models\TallerModel->SelectTalleresAyuda()
 7 SYSTEMPATH\CodeIgniter.php(904): App\Controllers\Ayuda->mapaAyuda()
 8 SYSTEMPATH\CodeIgniter.php(457): CodeIgniter\CodeIgniter->runController(Object(App\Controllers\Ayuda))
 9 SYSTEMPATH\CodeIgniter.php(340): CodeIgniter\CodeIgniter->handleRequest(null, Object(Config\Cache), false)
10 FCPATH\index.php(67): CodeIgniter\CodeIgniter->run()
ERROR - 2023-10-25 20:54:03 --> mysqli_sql_exception: You have an error in your SQL syntax; check the manual that corresponds to your MySQL server version for the right syntax to use near 'longitud'
FROM `Taller`' at line 1 in C:\xampp\htdocs\tu_taller\system\Database\MySQLi\Connection.php:292
Stack trace:
#0 C:\xampp\htdocs\tu_taller\system\Database\MySQLi\Connection.php(292): mysqli->query('SELECT nombre A...', 0)
#1 C:\xampp\htdocs\tu_taller\system\Database\BaseConnection.php(693): CodeIgniter\Database\MySQLi\Connection->execute('SELECT nombre A...')
#2 C:\xampp\htdocs\tu_taller\system\Database\BaseConnection.php(620): CodeIgniter\Database\BaseConnection->simpleQuery('SELECT nombre A...')
#3 C:\xampp\htdocs\tu_taller\system\Database\BaseBuilder.php(1585): CodeIgniter\Database\BaseConnection->query('SELECT nombre A...', Array, false)
#4 C:\xampp\htdocs\tu_taller\app\Models\TallerModel.php(263): CodeIgniter\Database\BaseBuilder->get()
#5 C:\xampp\htdocs\tu_taller\app\Controllers\Ayuda.php(24): App\Models\TallerModel->SelectTalleresAyuda()
#6 C:\xampp\htdocs\tu_taller\system\CodeIgniter.php(904): App\Controllers\Ayuda->mapaAyuda()
#7 C:\xampp\htdocs\tu_taller\system\CodeIgniter.php(457): CodeIgniter\CodeIgniter->runController(Object(App\Controllers\Ayuda))
#8 C:\xampp\htdocs\tu_taller\system\CodeIgniter.php(340): CodeIgniter\CodeIgniter->handleRequest(NULL, Object(Config\Cache), false)
#9 C:\xampp\htdocs\tu_taller\public\index.php(67): CodeIgniter\CodeIgniter->run()
#10 {main}
CRITICAL - 2023-10-25 20:54:03 --> You have an error in your SQL syntax; check the manual that corresponds to your MySQL server version for the right syntax to use near 'longitud'
FROM `Taller`' at line 1
in SYSTEMPATH\Database\MySQLi\Connection.php on line 292.
 1 SYSTEMPATH\Database\MySQLi\Connection.php(292): mysqli->query('SELECT nombre AS \'nombre\', idTaller AS \'idTaller\', latitud AS \'latitud, longitud AS \'longitud\'
FROM `Taller`', 0)
 2 SYSTEMPATH\Database\BaseConnection.php(693): CodeIgniter\Database\MySQLi\Connection->execute('SELECT nombre AS \'nombre\', idTaller AS \'idTaller\', latitud AS \'latitud, longitud AS \'longitud\'
FROM `Taller`')
 3 SYSTEMPATH\Database\BaseConnection.php(620): CodeIgniter\Database\BaseConnection->simpleQuery('SELECT nombre AS \'nombre\', idTaller AS \'idTaller\', latitud AS \'latitud, longitud AS \'longitud\'
FROM `Taller`')
 4 SYSTEMPATH\Database\BaseBuilder.php(1585): CodeIgniter\Database\BaseConnection->query('SELECT nombre AS \'nombre\', idTaller AS \'idTaller\', latitud AS \'latitud, longitud AS \'longitud\'
FROM `Taller`', [], false)
 5 APPPATH\Models\TallerModel.php(263): CodeIgniter\Database\BaseBuilder->get()
 6 APPPATH\Controllers\Ayuda.php(24): App\Models\TallerModel->SelectTalleresAyuda()
 7 SYSTEMPATH\CodeIgniter.php(904): App\Controllers\Ayuda->mapaAyuda()
 8 SYSTEMPATH\CodeIgniter.php(457): CodeIgniter\CodeIgniter->runController(Object(App\Controllers\Ayuda))
 9 SYSTEMPATH\CodeIgniter.php(340): CodeIgniter\CodeIgniter->handleRequest(null, Object(Config\Cache), false)
10 FCPATH\index.php(67): CodeIgniter\CodeIgniter->run()
ERROR - 2023-10-25 20:54:55 --> mysqli_sql_exception: You have an error in your SQL syntax; check the manual that corresponds to your MySQL server version for the right syntax to use near ''latitud, `longitud`
FROM `Taller`' at line 1 in C:\xampp\htdocs\tu_taller\system\Database\MySQLi\Connection.php:292
Stack trace:
#0 C:\xampp\htdocs\tu_taller\system\Database\MySQLi\Connection.php(292): mysqli->query('SELECT nombre A...', 0)
#1 C:\xampp\htdocs\tu_taller\system\Database\BaseConnection.php(693): CodeIgniter\Database\MySQLi\Connection->execute('SELECT nombre A...')
#2 C:\xampp\htdocs\tu_taller\system\Database\BaseConnection.php(620): CodeIgniter\Database\BaseConnection->simpleQuery('SELECT nombre A...')
#3 C:\xampp\htdocs\tu_taller\system\Database\BaseBuilder.php(1585): CodeIgniter\Database\BaseConnection->query('SELECT nombre A...', Array, false)
#4 C:\xampp\htdocs\tu_taller\app\Models\TallerModel.php(263): CodeIgniter\Database\BaseBuilder->get()
#5 C:\xampp\htdocs\tu_taller\app\Controllers\Ayuda.php(24): App\Models\TallerModel->SelectTalleresAyuda()
#6 C:\xampp\htdocs\tu_taller\system\CodeIgniter.php(904): App\Controllers\Ayuda->mapaAyuda()
#7 C:\xampp\htdocs\tu_taller\system\CodeIgniter.php(457): CodeIgniter\CodeIgniter->runController(Object(App\Controllers\Ayuda))
#8 C:\xampp\htdocs\tu_taller\system\CodeIgniter.php(340): CodeIgniter\CodeIgniter->handleRequest(NULL, Object(Config\Cache), false)
#9 C:\xampp\htdocs\tu_taller\public\index.php(67): CodeIgniter\CodeIgniter->run()
#10 {main}
CRITICAL - 2023-10-25 20:54:55 --> You have an error in your SQL syntax; check the manual that corresponds to your MySQL server version for the right syntax to use near ''latitud, `longitud`
FROM `Taller`' at line 1
in SYSTEMPATH\Database\MySQLi\Connection.php on line 292.
 1 SYSTEMPATH\Database\MySQLi\Connection.php(292): mysqli->query('SELECT nombre AS \'nombre\', idTaller AS \'idTaller\', latitud AS \'latitud, `longitud`
FROM `Taller`', 0)
 2 SYSTEMPATH\Database\BaseConnection.php(693): CodeIgniter\Database\MySQLi\Connection->execute('SELECT nombre AS \'nombre\', idTaller AS \'idTaller\', latitud AS \'latitud, `longitud`
FROM `Taller`')
 3 SYSTEMPATH\Database\BaseConnection.php(620): CodeIgniter\Database\BaseConnection->simpleQuery('SELECT nombre AS \'nombre\', idTaller AS \'idTaller\', latitud AS \'latitud, `longitud`
FROM `Taller`')
 4 SYSTEMPATH\Database\BaseBuilder.php(1585): CodeIgniter\Database\BaseConnection->query('SELECT nombre AS \'nombre\', idTaller AS \'idTaller\', latitud AS \'latitud, `longitud`
FROM `Taller`', [], false)
 5 APPPATH\Models\TallerModel.php(263): CodeIgniter\Database\BaseBuilder->get()
 6 APPPATH\Controllers\Ayuda.php(24): App\Models\TallerModel->SelectTalleresAyuda()
 7 SYSTEMPATH\CodeIgniter.php(904): App\Controllers\Ayuda->mapaAyuda()
 8 SYSTEMPATH\CodeIgniter.php(457): CodeIgniter\CodeIgniter->runController(Object(App\Controllers\Ayuda))
 9 SYSTEMPATH\CodeIgniter.php(340): CodeIgniter\CodeIgniter->handleRequest(null, Object(Config\Cache), false)
10 FCPATH\index.php(67): CodeIgniter\CodeIgniter->run()
CRITICAL - 2023-10-25 20:55:46 --> Attempt to read property "latitud" on array
in APPPATH\Views\ayuda\mapaAyudaView.php on line 16.
 1 APPPATH\Views\ayuda\mapaAyudaView.php(16): CodeIgniter\Debug\Exceptions->errorHandler(2, 'Attempt to read property "latitud" on array', 'APPPATH\\Views\\ayuda\\mapaAyudaView.php', 16)
 2 SYSTEMPATH\View\View.php(213): include('APPPATH\\Views\\ayuda\\mapaAyudaView.php')
 3 SYSTEMPATH\View\View.php(216): CodeIgniter\View\View->CodeIgniter\View\{closure}()
 4 SYSTEMPATH\Common.php(1137): CodeIgniter\View\View->render('ayuda/mapaAyudaView', [], true)
 5 APPPATH\Controllers\Ayuda.php(27): view('ayuda/mapaAyudaView', [...])
 6 SYSTEMPATH\CodeIgniter.php(904): App\Controllers\Ayuda->mapaAyuda()
 7 SYSTEMPATH\CodeIgniter.php(457): CodeIgniter\CodeIgniter->runController(Object(App\Controllers\Ayuda))
 8 SYSTEMPATH\CodeIgniter.php(340): CodeIgniter\CodeIgniter->handleRequest(null, Object(Config\Cache), false)
 9 FCPATH\index.php(67): CodeIgniter\CodeIgniter->run()
