CRITICAL - 2023-09-13 15:03:10 --> Undefined variable $nombre
in APPPATH\Views\taller\perfilTallerView.php on line 44.
 1 APPPATH\Views\taller\perfilTallerView.php(44): CodeIgniter\Debug\Exceptions->errorHandler(2, 'Undefined variable $nombre', 'APPPATH\\Views\\taller\\perfilTallerView.php', 44)
 2 SYSTEMPATH\View\View.php(213): include('APPPATH\\Views\\taller\\perfilTallerView.php')
 3 SYSTEMPATH\View\View.php(216): CodeIgniter\View\View->CodeIgniter\View\{closure}()
 4 SYSTEMPATH\Common.php(1137): CodeIgniter\View\View->render('taller/perfilTallerView', [], true)
 5 APPPATH\Controllers\Taller.php(181): view('taller/perfilTallerView', [...])
 6 SYSTEMPATH\CodeIgniter.php(904): App\Controllers\Taller->perfilTaller()
 7 SYSTEMPATH\CodeIgniter.php(457): CodeIgniter\CodeIgniter->runController(Object(App\Controllers\Taller))
 8 SYSTEMPATH\CodeIgniter.php(340): CodeIgniter\CodeIgniter->handleRequest(null, Object(Config\Cache), false)
 9 FCPATH\index.php(67): CodeIgniter\CodeIgniter->run()
ERROR - 2023-09-13 15:19:54 --> mysqli_sql_exception: Unknown column 'foto' in 'field list' in C:\xampp\htdocs\tu_taller\system\Database\MySQLi\Connection.php:292
Stack trace:
#0 C:\xampp\htdocs\tu_taller\system\Database\MySQLi\Connection.php(292): mysqli->query('UPDATE `usuario...', 0)
#1 C:\xampp\htdocs\tu_taller\system\Database\BaseConnection.php(693): CodeIgniter\Database\MySQLi\Connection->execute('UPDATE `usuario...')
#2 C:\xampp\htdocs\tu_taller\system\Database\BaseConnection.php(620): CodeIgniter\Database\BaseConnection->simpleQuery('UPDATE `usuario...')
#3 C:\xampp\htdocs\tu_taller\system\Database\BaseBuilder.php(2078): CodeIgniter\Database\BaseConnection->query('UPDATE `usuario...', Array, false)
#4 C:\xampp\htdocs\tu_taller\app\Models\UsuarioModel.php(187): CodeIgniter\Database\BaseBuilder->update()
#5 C:\xampp\htdocs\tu_taller\app\Controllers\Usuario.php(226): App\Models\UsuarioModel->UpdateUsuarioFoto('5', '2023-09-13 03:1...')
#6 C:\xampp\htdocs\tu_taller\system\CodeIgniter.php(904): App\Controllers\Usuario->cambiarFoto()
#7 C:\xampp\htdocs\tu_taller\system\CodeIgniter.php(457): CodeIgniter\CodeIgniter->runController(Object(App\Controllers\Usuario))
#8 C:\xampp\htdocs\tu_taller\system\CodeIgniter.php(340): CodeIgniter\CodeIgniter->handleRequest(NULL, Object(Config\Cache), false)
#9 C:\xampp\htdocs\tu_taller\public\index.php(67): CodeIgniter\CodeIgniter->run()
#10 {main}
CRITICAL - 2023-09-13 15:19:54 --> Unknown column 'foto' in 'field list'
in SYSTEMPATH\Database\MySQLi\Connection.php on line 292.
 1 SYSTEMPATH\Database\MySQLi\Connection.php(292): mysqli->query('UPDATE `usuario` SET `foto` = \'1\', `fechaActualizacion` = \'2023-09-13 03:19:54 pm\'
WHERE `idUsuario` = \'5\'', 0)
 2 SYSTEMPATH\Database\BaseConnection.php(693): CodeIgniter\Database\MySQLi\Connection->execute('UPDATE `usuario` SET `foto` = \'1\', `fechaActualizacion` = \'2023-09-13 03:19:54 pm\'
WHERE `idUsuario` = \'5\'')
 3 SYSTEMPATH\Database\BaseConnection.php(620): CodeIgniter\Database\BaseConnection->simpleQuery('UPDATE `usuario` SET `foto` = \'1\', `fechaActualizacion` = \'2023-09-13 03:19:54 pm\'
WHERE `idUsuario` = \'5\'')
 4 SYSTEMPATH\Database\BaseBuilder.php(2078): CodeIgniter\Database\BaseConnection->query('UPDATE `usuario` SET `foto` = :foto:, `fechaActualizacion` = :fechaActualizacion:
WHERE `idUsuario` = :idUsuario:', [...], false)
 5 APPPATH\Models\UsuarioModel.php(187): CodeIgniter\Database\BaseBuilder->update()
 6 APPPATH\Controllers\Usuario.php(226): App\Models\UsuarioModel->UpdateUsuarioFoto('5', '2023-09-13 03:19:54 pm')
 7 SYSTEMPATH\CodeIgniter.php(904): App\Controllers\Usuario->cambiarFoto()
 8 SYSTEMPATH\CodeIgniter.php(457): CodeIgniter\CodeIgniter->runController(Object(App\Controllers\Usuario))
 9 SYSTEMPATH\CodeIgniter.php(340): CodeIgniter\CodeIgniter->handleRequest(null, Object(Config\Cache), false)
10 FCPATH\index.php(67): CodeIgniter\CodeIgniter->run()
ERROR - 2023-09-13 15:21:35 --> mysqli_sql_exception: Unknown column 'idUsuario' in 'where clause' in C:\xampp\htdocs\tu_taller\system\Database\MySQLi\Connection.php:292
Stack trace:
#0 C:\xampp\htdocs\tu_taller\system\Database\MySQLi\Connection.php(292): mysqli->query('UPDATE `taller`...', 0)
#1 C:\xampp\htdocs\tu_taller\system\Database\BaseConnection.php(693): CodeIgniter\Database\MySQLi\Connection->execute('UPDATE `taller`...')
#2 C:\xampp\htdocs\tu_taller\system\Database\BaseConnection.php(620): CodeIgniter\Database\BaseConnection->simpleQuery('UPDATE `taller`...')
#3 C:\xampp\htdocs\tu_taller\system\Database\BaseBuilder.php(2078): CodeIgniter\Database\BaseConnection->query('UPDATE `taller`...', Array, false)
#4 C:\xampp\htdocs\tu_taller\app\Models\TallerModel.php(147): CodeIgniter\Database\BaseBuilder->update()
#5 C:\xampp\htdocs\tu_taller\app\Controllers\Usuario.php(226): App\Models\TallerModel->UpdateTallerFoto('5', '2023-09-13 03:2...')
#6 C:\xampp\htdocs\tu_taller\system\CodeIgniter.php(904): App\Controllers\Usuario->cambiarFoto()
#7 C:\xampp\htdocs\tu_taller\system\CodeIgniter.php(457): CodeIgniter\CodeIgniter->runController(Object(App\Controllers\Usuario))
#8 C:\xampp\htdocs\tu_taller\system\CodeIgniter.php(340): CodeIgniter\CodeIgniter->handleRequest(NULL, Object(Config\Cache), false)
#9 C:\xampp\htdocs\tu_taller\public\index.php(67): CodeIgniter\CodeIgniter->run()
#10 {main}
CRITICAL - 2023-09-13 15:21:35 --> Unknown column 'idUsuario' in 'where clause'
in SYSTEMPATH\Database\MySQLi\Connection.php on line 292.
 1 SYSTEMPATH\Database\MySQLi\Connection.php(292): mysqli->query('UPDATE `taller` SET `fotoPerfil` = \'1\', `fechaActualizacion` = \'2023-09-13 03:21:35 pm\'
WHERE `idUsuario` = \'5\'', 0)
 2 SYSTEMPATH\Database\BaseConnection.php(693): CodeIgniter\Database\MySQLi\Connection->execute('UPDATE `taller` SET `fotoPerfil` = \'1\', `fechaActualizacion` = \'2023-09-13 03:21:35 pm\'
WHERE `idUsuario` = \'5\'')
 3 SYSTEMPATH\Database\BaseConnection.php(620): CodeIgniter\Database\BaseConnection->simpleQuery('UPDATE `taller` SET `fotoPerfil` = \'1\', `fechaActualizacion` = \'2023-09-13 03:21:35 pm\'
WHERE `idUsuario` = \'5\'')
 4 SYSTEMPATH\Database\BaseBuilder.php(2078): CodeIgniter\Database\BaseConnection->query('UPDATE `taller` SET `fotoPerfil` = :fotoPerfil:, `fechaActualizacion` = :fechaActualizacion:
WHERE `idUsuario` = :idUsuario:', [...], false)
 5 APPPATH\Models\TallerModel.php(147): CodeIgniter\Database\BaseBuilder->update()
 6 APPPATH\Controllers\Usuario.php(226): App\Models\TallerModel->UpdateTallerFoto('5', '2023-09-13 03:21:35 pm')
 7 SYSTEMPATH\CodeIgniter.php(904): App\Controllers\Usuario->cambiarFoto()
 8 SYSTEMPATH\CodeIgniter.php(457): CodeIgniter\CodeIgniter->runController(Object(App\Controllers\Usuario))
 9 SYSTEMPATH\CodeIgniter.php(340): CodeIgniter\CodeIgniter->handleRequest(null, Object(Config\Cache), false)
10 FCPATH\index.php(67): CodeIgniter\CodeIgniter->run()
ERROR - 2023-09-13 15:31:24 --> mysqli_sql_exception: Unknown column 'itc_fechaActualizacion' in 'field list' in C:\xampp\htdocs\tu_taller\system\Database\MySQLi\Connection.php:292
Stack trace:
#0 C:\xampp\htdocs\tu_taller\system\Database\MySQLi\Connection.php(292): mysqli->query('UPDATE `taller`...', 0)
#1 C:\xampp\htdocs\tu_taller\system\Database\BaseConnection.php(693): CodeIgniter\Database\MySQLi\Connection->execute('UPDATE `taller`...')
#2 C:\xampp\htdocs\tu_taller\system\Database\BaseConnection.php(620): CodeIgniter\Database\BaseConnection->simpleQuery('UPDATE `taller`...')
#3 C:\xampp\htdocs\tu_taller\system\Database\BaseBuilder.php(2078): CodeIgniter\Database\BaseConnection->query('UPDATE `taller`...', Array, false)
#4 C:\xampp\htdocs\tu_taller\app\Models\TallerModel.php(172): CodeIgniter\Database\BaseBuilder->update()
#5 C:\xampp\htdocs\tu_taller\app\Controllers\Taller.php(194): App\Models\TallerModel->UpdateTaller('5', 'Taller Quitsons', '123423', 'Calle siempre v...', 'mi taller', '2023-09-13 03:3...')
#6 C:\xampp\htdocs\tu_taller\system\CodeIgniter.php(904): App\Controllers\Taller->editarTallerModel()
#7 C:\xampp\htdocs\tu_taller\system\CodeIgniter.php(457): CodeIgniter\CodeIgniter->runController(Object(App\Controllers\Taller))
#8 C:\xampp\htdocs\tu_taller\system\CodeIgniter.php(340): CodeIgniter\CodeIgniter->handleRequest(NULL, Object(Config\Cache), false)
#9 C:\xampp\htdocs\tu_taller\public\index.php(67): CodeIgniter\CodeIgniter->run()
#10 {main}
CRITICAL - 2023-09-13 15:31:24 --> Unknown column 'itc_fechaActualizacion' in 'field list'
in SYSTEMPATH\Database\MySQLi\Connection.php on line 292.
 1 SYSTEMPATH\Database\MySQLi\Connection.php(292): mysqli->query('UPDATE `taller` SET `nombre` = \'Taller Quitsons\', `telefono` = \'123423\', `direccion` = \'Calle siempre viva\', `descripcion` = \'mi taller\', `itc_fechaActualizacion` = \'2023-09-13 03:31:24 pm\'
WHERE `idTaller` = \'5\'', 0)
 2 SYSTEMPATH\Database\BaseConnection.php(693): CodeIgniter\Database\MySQLi\Connection->execute('UPDATE `taller` SET `nombre` = \'Taller Quitsons\', `telefono` = \'123423\', `direccion` = \'Calle siempre viva\', `descripcion` = \'mi taller\', `itc_fechaActualizacion` = \'2023-09-13 03:31:24 pm\'
WHERE `idTaller` = \'5\'')
 3 SYSTEMPATH\Database\BaseConnection.php(620): CodeIgniter\Database\BaseConnection->simpleQuery('UPDATE `taller` SET `nombre` = \'Taller Quitsons\', `telefono` = \'123423\', `direccion` = \'Calle siempre viva\', `descripcion` = \'mi taller\', `itc_fechaActualizacion` = \'2023-09-13 03:31:24 pm\'
WHERE `idTaller` = \'5\'')
 4 SYSTEMPATH\Database\BaseBuilder.php(2078): CodeIgniter\Database\BaseConnection->query('UPDATE `taller` SET `nombre` = :nombre:, `telefono` = :telefono:, `direccion` = :direccion:, `descripcion` = :descripcion:, `itc_fechaActualizacion` = :itc_fechaActualizacion:
WHERE `idTaller` = :idTaller:', [...], false)
 5 APPPATH\Models\TallerModel.php(172): CodeIgniter\Database\BaseBuilder->update()
 6 APPPATH\Controllers\Taller.php(194): App\Models\TallerModel->UpdateTaller('5', 'Taller Quitsons', '123423', 'Calle siempre viva', 'mi taller', '2023-09-13 03:31:24 pm')
 7 SYSTEMPATH\CodeIgniter.php(904): App\Controllers\Taller->editarTallerModel()
 8 SYSTEMPATH\CodeIgniter.php(457): CodeIgniter\CodeIgniter->runController(Object(App\Controllers\Taller))
 9 SYSTEMPATH\CodeIgniter.php(340): CodeIgniter\CodeIgniter->handleRequest(null, Object(Config\Cache), false)
10 FCPATH\index.php(67): CodeIgniter\CodeIgniter->run()
