CRITICAL - 2023-11-28 18:50:52 --> Undefined property: stdClass::$idAyuda
in APPPATH\Views\cita\listaCitasView.php on line 41.
 1 APPPATH\Views\cita\listaCitasView.php(41): CodeIgniter\Debug\Exceptions->errorHandler(2, 'Undefined property: stdClass::$idAyuda', 'APPPATH\\Views\\cita\\listaCitasView.php', 41)
 2 SYSTEMPATH\View\View.php(213): include('APPPATH\\Views\\cita\\listaCitasView.php')
 3 SYSTEMPATH\View\View.php(216): CodeIgniter\View\View->CodeIgniter\View\{closure}()
 4 SYSTEMPATH\Common.php(1137): CodeIgniter\View\View->render('cita/listaCitasView', [], true)
 5 APPPATH\Controllers\Cita.php(58): view('cita/listaCitasView', [...])
 6 SYSTEMPATH\CodeIgniter.php(904): App\Controllers\Cita->listaCitaTaller()
 7 SYSTEMPATH\CodeIgniter.php(457): CodeIgniter\CodeIgniter->runController(Object(App\Controllers\Cita))
 8 SYSTEMPATH\CodeIgniter.php(340): CodeIgniter\CodeIgniter->handleRequest(null, Object(Config\Cache), false)
 9 FCPATH\index.php(67): CodeIgniter\CodeIgniter->run()
CRITICAL - 2023-11-28 19:22:13 --> You must set the database table to be used with your query.
in SYSTEMPATH\Database\BaseConnection.php on line 872.
 1 SYSTEMPATH\Model.php(586): CodeIgniter\Database\BaseConnection->table(null)
 2 SYSTEMPATH\Model.php(763): CodeIgniter\Model->builder()
 3 APPPATH\Controllers\Cita.php(69): CodeIgniter\Model->__call('UpdateCitaEstado', [...])
 4 SYSTEMPATH\CodeIgniter.php(904): App\Controllers\Cita->finalizarCita()
 5 SYSTEMPATH\CodeIgniter.php(457): CodeIgniter\CodeIgniter->runController(Object(App\Controllers\Cita))
 6 SYSTEMPATH\CodeIgniter.php(340): CodeIgniter\CodeIgniter->handleRequest(null, Object(Config\Cache), false)
 7 FCPATH\index.php(67): CodeIgniter\CodeIgniter->run()
