CRITICAL - 2023-10-03 14:57:45 --> Undefined variable $dataUsuario
in APPPATH\Controllers\Taller.php on line 399.
 1 APPPATH\Controllers\Taller.php(399): CodeIgniter\Debug\Exceptions->errorHandler(2, 'Undefined variable $dataUsuario', 'APPPATH\\Controllers\\Taller.php', 399)
 2 SYSTEMPATH\CodeIgniter.php(904): App\Controllers\Taller->detalleTaller()
 3 SYSTEMPATH\CodeIgniter.php(457): CodeIgniter\CodeIgniter->runController(Object(App\Controllers\Taller))
 4 SYSTEMPATH\CodeIgniter.php(340): CodeIgniter\CodeIgniter->handleRequest(null, Object(Config\Cache), false)
 5 FCPATH\index.php(67): CodeIgniter\CodeIgniter->run()
CRITICAL - 2023-10-03 15:07:22 --> Undefined property: mysqli::$nombre
in APPPATH\Controllers\Taller.php on line 401.
 1 APPPATH\Controllers\Taller.php(401): CodeIgniter\Debug\Exceptions->errorHandler(2, 'Undefined property: mysqli::$nombre', 'APPPATH\\Controllers\\Taller.php', 401)
 2 SYSTEMPATH\CodeIgniter.php(904): App\Controllers\Taller->detalleTaller()
 3 SYSTEMPATH\CodeIgniter.php(457): CodeIgniter\CodeIgniter->runController(Object(App\Controllers\Taller))
 4 SYSTEMPATH\CodeIgniter.php(340): CodeIgniter\CodeIgniter->handleRequest(null, Object(Config\Cache), false)
 5 FCPATH\index.php(67): CodeIgniter\CodeIgniter->run()
CRITICAL - 2023-10-03 15:07:51 --> Undefined property: mysqli::$nombre
in APPPATH\Controllers\Taller.php on line 401.
 1 APPPATH\Controllers\Taller.php(401): CodeIgniter\Debug\Exceptions->errorHandler(2, 'Undefined property: mysqli::$nombre', 'APPPATH\\Controllers\\Taller.php', 401)
 2 SYSTEMPATH\CodeIgniter.php(904): App\Controllers\Taller->detalleTaller()
 3 SYSTEMPATH\CodeIgniter.php(457): CodeIgniter\CodeIgniter->runController(Object(App\Controllers\Taller))
 4 SYSTEMPATH\CodeIgniter.php(340): CodeIgniter\CodeIgniter->handleRequest(null, Object(Config\Cache), false)
 5 FCPATH\index.php(67): CodeIgniter\CodeIgniter->run()
CRITICAL - 2023-10-03 15:08:35 --> Undefined property: mysqli::$nombre
in APPPATH\Controllers\Taller.php on line 401.
 1 APPPATH\Controllers\Taller.php(401): CodeIgniter\Debug\Exceptions->errorHandler(2, 'Undefined property: mysqli::$nombre', 'APPPATH\\Controllers\\Taller.php', 401)
 2 SYSTEMPATH\CodeIgniter.php(904): App\Controllers\Taller->detalleTaller()
 3 SYSTEMPATH\CodeIgniter.php(457): CodeIgniter\CodeIgniter->runController(Object(App\Controllers\Taller))
 4 SYSTEMPATH\CodeIgniter.php(340): CodeIgniter\CodeIgniter->handleRequest(null, Object(Config\Cache), false)
 5 FCPATH\index.php(67): CodeIgniter\CodeIgniter->run()
CRITICAL - 2023-10-03 15:09:32 --> Call to undefined function App\Controllers\getResult()
in APPPATH\Controllers\Taller.php on line 398.
 1 SYSTEMPATH\CodeIgniter.php(904): App\Controllers\Taller->detalleTaller()
 2 SYSTEMPATH\CodeIgniter.php(457): CodeIgniter\CodeIgniter->runController(Object(App\Controllers\Taller))
 3 SYSTEMPATH\CodeIgniter.php(340): CodeIgniter\CodeIgniter->handleRequest(null, Object(Config\Cache), false)
 4 FCPATH\index.php(67): CodeIgniter\CodeIgniter->run()
CRITICAL - 2023-10-03 15:09:48 --> Call to undefined function App\Controllers\getResult()
in APPPATH\Controllers\Taller.php on line 399.
 1 SYSTEMPATH\CodeIgniter.php(904): App\Controllers\Taller->detalleTaller()
 2 SYSTEMPATH\CodeIgniter.php(457): CodeIgniter\CodeIgniter->runController(Object(App\Controllers\Taller))
 3 SYSTEMPATH\CodeIgniter.php(340): CodeIgniter\CodeIgniter->handleRequest(null, Object(Config\Cache), false)
 4 FCPATH\index.php(67): CodeIgniter\CodeIgniter->run()
CRITICAL - 2023-10-03 15:10:02 --> Undefined property: mysqli::$nombre
in APPPATH\Controllers\Taller.php on line 401.
 1 APPPATH\Controllers\Taller.php(401): CodeIgniter\Debug\Exceptions->errorHandler(2, 'Undefined property: mysqli::$nombre', 'APPPATH\\Controllers\\Taller.php', 401)
 2 SYSTEMPATH\CodeIgniter.php(904): App\Controllers\Taller->detalleTaller()
 3 SYSTEMPATH\CodeIgniter.php(457): CodeIgniter\CodeIgniter->runController(Object(App\Controllers\Taller))
 4 SYSTEMPATH\CodeIgniter.php(340): CodeIgniter\CodeIgniter->handleRequest(null, Object(Config\Cache), false)
 5 FCPATH\index.php(67): CodeIgniter\CodeIgniter->run()
CRITICAL - 2023-10-03 15:10:15 --> Undefined property: mysqli::$telefono
in APPPATH\Controllers\Taller.php on line 402.
 1 APPPATH\Controllers\Taller.php(402): CodeIgniter\Debug\Exceptions->errorHandler(2, 'Undefined property: mysqli::$telefono', 'APPPATH\\Controllers\\Taller.php', 402)
 2 SYSTEMPATH\CodeIgniter.php(904): App\Controllers\Taller->detalleTaller()
 3 SYSTEMPATH\CodeIgniter.php(457): CodeIgniter\CodeIgniter->runController(Object(App\Controllers\Taller))
 4 SYSTEMPATH\CodeIgniter.php(340): CodeIgniter\CodeIgniter->handleRequest(null, Object(Config\Cache), false)
 5 FCPATH\index.php(67): CodeIgniter\CodeIgniter->run()
CRITICAL - 2023-10-03 15:11:19 --> Undefined variable $foto
in APPPATH\Views\taller\detalleTallerView.php on line 11.
 1 APPPATH\Views\taller\detalleTallerView.php(11): CodeIgniter\Debug\Exceptions->errorHandler(2, 'Undefined variable $foto', 'APPPATH\\Views\\taller\\detalleTallerView.php', 11)
 2 SYSTEMPATH\View\View.php(213): include('APPPATH\\Views\\taller\\detalleTallerView.php')
 3 SYSTEMPATH\View\View.php(216): CodeIgniter\View\View->CodeIgniter\View\{closure}()
 4 SYSTEMPATH\Common.php(1137): CodeIgniter\View\View->render('taller/detalleTallerView', [], true)
 5 APPPATH\Controllers\Taller.php(413): view('taller/detalleTallerView', [...])
 6 SYSTEMPATH\CodeIgniter.php(904): App\Controllers\Taller->detalleTaller()
 7 SYSTEMPATH\CodeIgniter.php(457): CodeIgniter\CodeIgniter->runController(Object(App\Controllers\Taller))
 8 SYSTEMPATH\CodeIgniter.php(340): CodeIgniter\CodeIgniter->handleRequest(null, Object(Config\Cache), false)
 9 FCPATH\index.php(67): CodeIgniter\CodeIgniter->run()
CRITICAL - 2023-10-03 15:11:28 --> Undefined variable $foto
in APPPATH\Views\taller\detalleTallerView.php on line 11.
 1 APPPATH\Views\taller\detalleTallerView.php(11): CodeIgniter\Debug\Exceptions->errorHandler(2, 'Undefined variable $foto', 'APPPATH\\Views\\taller\\detalleTallerView.php', 11)
 2 SYSTEMPATH\View\View.php(213): include('APPPATH\\Views\\taller\\detalleTallerView.php')
 3 SYSTEMPATH\View\View.php(216): CodeIgniter\View\View->CodeIgniter\View\{closure}()
 4 SYSTEMPATH\Common.php(1137): CodeIgniter\View\View->render('taller/detalleTallerView', [], true)
 5 APPPATH\Controllers\Taller.php(413): view('taller/detalleTallerView', [...])
 6 SYSTEMPATH\CodeIgniter.php(904): App\Controllers\Taller->detalleTaller()
 7 SYSTEMPATH\CodeIgniter.php(457): CodeIgniter\CodeIgniter->runController(Object(App\Controllers\Taller))
 8 SYSTEMPATH\CodeIgniter.php(340): CodeIgniter\CodeIgniter->handleRequest(null, Object(Config\Cache), false)
 9 FCPATH\index.php(67): CodeIgniter\CodeIgniter->run()
CRITICAL - 2023-10-03 15:12:14 --> Undefined variable $foto
in APPPATH\Views\taller\detalleTallerView.php on line 11.
 1 APPPATH\Views\taller\detalleTallerView.php(11): CodeIgniter\Debug\Exceptions->errorHandler(2, 'Undefined variable $foto', 'APPPATH\\Views\\taller\\detalleTallerView.php', 11)
 2 SYSTEMPATH\View\View.php(213): include('APPPATH\\Views\\taller\\detalleTallerView.php')
 3 SYSTEMPATH\View\View.php(216): CodeIgniter\View\View->CodeIgniter\View\{closure}()
 4 SYSTEMPATH\Common.php(1137): CodeIgniter\View\View->render('taller/detalleTallerView', [], true)
 5 APPPATH\Controllers\Taller.php(413): view('taller/detalleTallerView', [...])
 6 SYSTEMPATH\CodeIgniter.php(904): App\Controllers\Taller->detalleTaller()
 7 SYSTEMPATH\CodeIgniter.php(457): CodeIgniter\CodeIgniter->runController(Object(App\Controllers\Taller))
 8 SYSTEMPATH\CodeIgniter.php(340): CodeIgniter\CodeIgniter->handleRequest(null, Object(Config\Cache), false)
 9 FCPATH\index.php(67): CodeIgniter\CodeIgniter->run()
CRITICAL - 2023-10-03 15:12:15 --> Undefined variable $foto
in APPPATH\Views\taller\detalleTallerView.php on line 11.
 1 APPPATH\Views\taller\detalleTallerView.php(11): CodeIgniter\Debug\Exceptions->errorHandler(2, 'Undefined variable $foto', 'APPPATH\\Views\\taller\\detalleTallerView.php', 11)
 2 SYSTEMPATH\View\View.php(213): include('APPPATH\\Views\\taller\\detalleTallerView.php')
 3 SYSTEMPATH\View\View.php(216): CodeIgniter\View\View->CodeIgniter\View\{closure}()
 4 SYSTEMPATH\Common.php(1137): CodeIgniter\View\View->render('taller/detalleTallerView', [], true)
 5 APPPATH\Controllers\Taller.php(413): view('taller/detalleTallerView', [...])
 6 SYSTEMPATH\CodeIgniter.php(904): App\Controllers\Taller->detalleTaller()
 7 SYSTEMPATH\CodeIgniter.php(457): CodeIgniter\CodeIgniter->runController(Object(App\Controllers\Taller))
 8 SYSTEMPATH\CodeIgniter.php(340): CodeIgniter\CodeIgniter->handleRequest(null, Object(Config\Cache), false)
 9 FCPATH\index.php(67): CodeIgniter\CodeIgniter->run()
CRITICAL - 2023-10-03 15:12:47 --> Undefined variable $foto
in APPPATH\Views\taller\detalleTallerView.php on line 11.
 1 APPPATH\Views\taller\detalleTallerView.php(11): CodeIgniter\Debug\Exceptions->errorHandler(2, 'Undefined variable $foto', 'APPPATH\\Views\\taller\\detalleTallerView.php', 11)
 2 SYSTEMPATH\View\View.php(213): include('APPPATH\\Views\\taller\\detalleTallerView.php')
 3 SYSTEMPATH\View\View.php(216): CodeIgniter\View\View->CodeIgniter\View\{closure}()
 4 SYSTEMPATH\Common.php(1137): CodeIgniter\View\View->render('taller/detalleTallerView', [], true)
 5 APPPATH\Controllers\Taller.php(413): view('taller/detalleTallerView', [...])
 6 SYSTEMPATH\CodeIgniter.php(904): App\Controllers\Taller->detalleTaller()
 7 SYSTEMPATH\CodeIgniter.php(457): CodeIgniter\CodeIgniter->runController(Object(App\Controllers\Taller))
 8 SYSTEMPATH\CodeIgniter.php(340): CodeIgniter\CodeIgniter->handleRequest(null, Object(Config\Cache), false)
 9 FCPATH\index.php(67): CodeIgniter\CodeIgniter->run()
CRITICAL - 2023-10-03 15:12:52 --> Undefined variable $foto
in APPPATH\Views\taller\detalleTallerView.php on line 11.
 1 APPPATH\Views\taller\detalleTallerView.php(11): CodeIgniter\Debug\Exceptions->errorHandler(2, 'Undefined variable $foto', 'APPPATH\\Views\\taller\\detalleTallerView.php', 11)
 2 SYSTEMPATH\View\View.php(213): include('APPPATH\\Views\\taller\\detalleTallerView.php')
 3 SYSTEMPATH\View\View.php(216): CodeIgniter\View\View->CodeIgniter\View\{closure}()
 4 SYSTEMPATH\Common.php(1137): CodeIgniter\View\View->render('taller/detalleTallerView', [], true)
 5 APPPATH\Controllers\Taller.php(413): view('taller/detalleTallerView', [...])
 6 SYSTEMPATH\CodeIgniter.php(904): App\Controllers\Taller->detalleTaller()
 7 SYSTEMPATH\CodeIgniter.php(457): CodeIgniter\CodeIgniter->runController(Object(App\Controllers\Taller))
 8 SYSTEMPATH\CodeIgniter.php(340): CodeIgniter\CodeIgniter->handleRequest(null, Object(Config\Cache), false)
 9 FCPATH\index.php(67): CodeIgniter\CodeIgniter->run()
CRITICAL - 2023-10-03 15:13:02 --> Undefined variable $foto
in APPPATH\Views\taller\detalleTallerView.php on line 11.
 1 APPPATH\Views\taller\detalleTallerView.php(11): CodeIgniter\Debug\Exceptions->errorHandler(2, 'Undefined variable $foto', 'APPPATH\\Views\\taller\\detalleTallerView.php', 11)
 2 SYSTEMPATH\View\View.php(213): include('APPPATH\\Views\\taller\\detalleTallerView.php')
 3 SYSTEMPATH\View\View.php(216): CodeIgniter\View\View->CodeIgniter\View\{closure}()
 4 SYSTEMPATH\Common.php(1137): CodeIgniter\View\View->render('taller/detalleTallerView', [], true)
 5 APPPATH\Controllers\Taller.php(413): view('taller/detalleTallerView', [...])
 6 SYSTEMPATH\CodeIgniter.php(904): App\Controllers\Taller->detalleTaller()
 7 SYSTEMPATH\CodeIgniter.php(457): CodeIgniter\CodeIgniter->runController(Object(App\Controllers\Taller))
 8 SYSTEMPATH\CodeIgniter.php(340): CodeIgniter\CodeIgniter->handleRequest(null, Object(Config\Cache), false)
 9 FCPATH\index.php(67): CodeIgniter\CodeIgniter->run()
CRITICAL - 2023-10-03 15:13:07 --> Undefined variable $foto
in APPPATH\Views\taller\detalleTallerView.php on line 11.
 1 APPPATH\Views\taller\detalleTallerView.php(11): CodeIgniter\Debug\Exceptions->errorHandler(2, 'Undefined variable $foto', 'APPPATH\\Views\\taller\\detalleTallerView.php', 11)
 2 SYSTEMPATH\View\View.php(213): include('APPPATH\\Views\\taller\\detalleTallerView.php')
 3 SYSTEMPATH\View\View.php(216): CodeIgniter\View\View->CodeIgniter\View\{closure}()
 4 SYSTEMPATH\Common.php(1137): CodeIgniter\View\View->render('taller/detalleTallerView', [], true)
 5 APPPATH\Controllers\Taller.php(413): view('taller/detalleTallerView', [...])
 6 SYSTEMPATH\CodeIgniter.php(904): App\Controllers\Taller->detalleTaller()
 7 SYSTEMPATH\CodeIgniter.php(457): CodeIgniter\CodeIgniter->runController(Object(App\Controllers\Taller))
 8 SYSTEMPATH\CodeIgniter.php(340): CodeIgniter\CodeIgniter->handleRequest(null, Object(Config\Cache), false)
 9 FCPATH\index.php(67): CodeIgniter\CodeIgniter->run()
CRITICAL - 2023-10-03 15:13:38 --> Undefined variable $foto
in APPPATH\Views\taller\detalleTallerView.php on line 11.
 1 APPPATH\Views\taller\detalleTallerView.php(11): CodeIgniter\Debug\Exceptions->errorHandler(2, 'Undefined variable $foto', 'APPPATH\\Views\\taller\\detalleTallerView.php', 11)
 2 SYSTEMPATH\View\View.php(213): include('APPPATH\\Views\\taller\\detalleTallerView.php')
 3 SYSTEMPATH\View\View.php(216): CodeIgniter\View\View->CodeIgniter\View\{closure}()
 4 SYSTEMPATH\Common.php(1137): CodeIgniter\View\View->render('taller/detalleTallerView', [], true)
 5 APPPATH\Controllers\Taller.php(414): view('taller/detalleTallerView', [...])
 6 SYSTEMPATH\CodeIgniter.php(904): App\Controllers\Taller->detalleTaller()
 7 SYSTEMPATH\CodeIgniter.php(457): CodeIgniter\CodeIgniter->runController(Object(App\Controllers\Taller))
 8 SYSTEMPATH\CodeIgniter.php(340): CodeIgniter\CodeIgniter->handleRequest(null, Object(Config\Cache), false)
 9 FCPATH\index.php(67): CodeIgniter\CodeIgniter->run()
CRITICAL - 2023-10-03 15:14:04 --> Undefined variable $foto
in APPPATH\Views\taller\detalleTallerView.php on line 11.
 1 APPPATH\Views\taller\detalleTallerView.php(11): CodeIgniter\Debug\Exceptions->errorHandler(2, 'Undefined variable $foto', 'APPPATH\\Views\\taller\\detalleTallerView.php', 11)
 2 SYSTEMPATH\View\View.php(213): include('APPPATH\\Views\\taller\\detalleTallerView.php')
 3 SYSTEMPATH\View\View.php(216): CodeIgniter\View\View->CodeIgniter\View\{closure}()
 4 SYSTEMPATH\Common.php(1137): CodeIgniter\View\View->render('taller/detalleTallerView', [], true)
 5 APPPATH\Controllers\Taller.php(414): view('taller/detalleTallerView', [...])
 6 SYSTEMPATH\CodeIgniter.php(904): App\Controllers\Taller->detalleTaller()
 7 SYSTEMPATH\CodeIgniter.php(457): CodeIgniter\CodeIgniter->runController(Object(App\Controllers\Taller))
 8 SYSTEMPATH\CodeIgniter.php(340): CodeIgniter\CodeIgniter->handleRequest(null, Object(Config\Cache), false)
 9 FCPATH\index.php(67): CodeIgniter\CodeIgniter->run()
CRITICAL - 2023-10-03 15:14:26 --> Undefined variable $nombre
in APPPATH\Views\taller\detalleTallerView.php on line 17.
 1 APPPATH\Views\taller\detalleTallerView.php(17): CodeIgniter\Debug\Exceptions->errorHandler(2, 'Undefined variable $nombre', 'APPPATH\\Views\\taller\\detalleTallerView.php', 17)
 2 SYSTEMPATH\View\View.php(213): include('APPPATH\\Views\\taller\\detalleTallerView.php')
 3 SYSTEMPATH\View\View.php(216): CodeIgniter\View\View->CodeIgniter\View\{closure}()
 4 SYSTEMPATH\Common.php(1137): CodeIgniter\View\View->render('taller/detalleTallerView', [], true)
 5 APPPATH\Controllers\Taller.php(414): view('taller/detalleTallerView', [...])
 6 SYSTEMPATH\CodeIgniter.php(904): App\Controllers\Taller->detalleTaller()
 7 SYSTEMPATH\CodeIgniter.php(457): CodeIgniter\CodeIgniter->runController(Object(App\Controllers\Taller))
 8 SYSTEMPATH\CodeIgniter.php(340): CodeIgniter\CodeIgniter->handleRequest(null, Object(Config\Cache), false)
 9 FCPATH\index.php(67): CodeIgniter\CodeIgniter->run()
CRITICAL - 2023-10-03 15:15:37 --> Undefined variable $foto
in APPPATH\Views\taller\detalleTallerView.php on line 11.
 1 APPPATH\Views\taller\detalleTallerView.php(11): CodeIgniter\Debug\Exceptions->errorHandler(2, 'Undefined variable $foto', 'APPPATH\\Views\\taller\\detalleTallerView.php', 11)
 2 SYSTEMPATH\View\View.php(213): include('APPPATH\\Views\\taller\\detalleTallerView.php')
 3 SYSTEMPATH\View\View.php(216): CodeIgniter\View\View->CodeIgniter\View\{closure}()
 4 SYSTEMPATH\Common.php(1137): CodeIgniter\View\View->render('taller/detalleTallerView', [], true)
 5 APPPATH\Controllers\Taller.php(414): view('taller/detalleTallerView', [...])
 6 SYSTEMPATH\CodeIgniter.php(904): App\Controllers\Taller->detalleTaller()
 7 SYSTEMPATH\CodeIgniter.php(457): CodeIgniter\CodeIgniter->runController(Object(App\Controllers\Taller))
 8 SYSTEMPATH\CodeIgniter.php(340): CodeIgniter\CodeIgniter->handleRequest(null, Object(Config\Cache), false)
 9 FCPATH\index.php(67): CodeIgniter\CodeIgniter->run()
CRITICAL - 2023-10-03 15:16:15 --> Undefined variable $foto
in APPPATH\Views\taller\detalleTallerView.php on line 11.
 1 APPPATH\Views\taller\detalleTallerView.php(11): CodeIgniter\Debug\Exceptions->errorHandler(2, 'Undefined variable $foto', 'APPPATH\\Views\\taller\\detalleTallerView.php', 11)
 2 SYSTEMPATH\View\View.php(213): include('APPPATH\\Views\\taller\\detalleTallerView.php')
 3 SYSTEMPATH\View\View.php(216): CodeIgniter\View\View->CodeIgniter\View\{closure}()
 4 SYSTEMPATH\Common.php(1137): CodeIgniter\View\View->render('taller/detalleTallerView', [], true)
 5 APPPATH\Controllers\Taller.php(414): view('taller/detalleTallerView', [...])
 6 SYSTEMPATH\CodeIgniter.php(904): App\Controllers\Taller->detalleTaller()
 7 SYSTEMPATH\CodeIgniter.php(457): CodeIgniter\CodeIgniter->runController(Object(App\Controllers\Taller))
 8 SYSTEMPATH\CodeIgniter.php(340): CodeIgniter\CodeIgniter->handleRequest(null, Object(Config\Cache), false)
 9 FCPATH\index.php(67): CodeIgniter\CodeIgniter->run()
CRITICAL - 2023-10-03 15:16:17 --> Undefined variable $foto
in APPPATH\Views\taller\detalleTallerView.php on line 11.
 1 APPPATH\Views\taller\detalleTallerView.php(11): CodeIgniter\Debug\Exceptions->errorHandler(2, 'Undefined variable $foto', 'APPPATH\\Views\\taller\\detalleTallerView.php', 11)
 2 SYSTEMPATH\View\View.php(213): include('APPPATH\\Views\\taller\\detalleTallerView.php')
 3 SYSTEMPATH\View\View.php(216): CodeIgniter\View\View->CodeIgniter\View\{closure}()
 4 SYSTEMPATH\Common.php(1137): CodeIgniter\View\View->render('taller/detalleTallerView', [], true)
 5 APPPATH\Controllers\Taller.php(414): view('taller/detalleTallerView', [...])
 6 SYSTEMPATH\CodeIgniter.php(904): App\Controllers\Taller->detalleTaller()
 7 SYSTEMPATH\CodeIgniter.php(457): CodeIgniter\CodeIgniter->runController(Object(App\Controllers\Taller))
 8 SYSTEMPATH\CodeIgniter.php(340): CodeIgniter\CodeIgniter->handleRequest(null, Object(Config\Cache), false)
 9 FCPATH\index.php(67): CodeIgniter\CodeIgniter->run()
CRITICAL - 2023-10-03 15:16:25 --> Undefined variable $foto
in APPPATH\Views\taller\detalleTallerView.php on line 11.
 1 APPPATH\Views\taller\detalleTallerView.php(11): CodeIgniter\Debug\Exceptions->errorHandler(2, 'Undefined variable $foto', 'APPPATH\\Views\\taller\\detalleTallerView.php', 11)
 2 SYSTEMPATH\View\View.php(213): include('APPPATH\\Views\\taller\\detalleTallerView.php')
 3 SYSTEMPATH\View\View.php(216): CodeIgniter\View\View->CodeIgniter\View\{closure}()
 4 SYSTEMPATH\Common.php(1137): CodeIgniter\View\View->render('taller/detalleTallerView', [], true)
 5 APPPATH\Controllers\Taller.php(414): view('taller/detalleTallerView', [...])
 6 SYSTEMPATH\CodeIgniter.php(904): App\Controllers\Taller->detalleTaller()
 7 SYSTEMPATH\CodeIgniter.php(457): CodeIgniter\CodeIgniter->runController(Object(App\Controllers\Taller))
 8 SYSTEMPATH\CodeIgniter.php(340): CodeIgniter\CodeIgniter->handleRequest(null, Object(Config\Cache), false)
 9 FCPATH\index.php(67): CodeIgniter\CodeIgniter->run()
CRITICAL - 2023-10-03 15:16:26 --> Undefined variable $foto
in APPPATH\Views\taller\detalleTallerView.php on line 11.
 1 APPPATH\Views\taller\detalleTallerView.php(11): CodeIgniter\Debug\Exceptions->errorHandler(2, 'Undefined variable $foto', 'APPPATH\\Views\\taller\\detalleTallerView.php', 11)
 2 SYSTEMPATH\View\View.php(213): include('APPPATH\\Views\\taller\\detalleTallerView.php')
 3 SYSTEMPATH\View\View.php(216): CodeIgniter\View\View->CodeIgniter\View\{closure}()
 4 SYSTEMPATH\Common.php(1137): CodeIgniter\View\View->render('taller/detalleTallerView', [], true)
 5 APPPATH\Controllers\Taller.php(414): view('taller/detalleTallerView', [...])
 6 SYSTEMPATH\CodeIgniter.php(904): App\Controllers\Taller->detalleTaller()
 7 SYSTEMPATH\CodeIgniter.php(457): CodeIgniter\CodeIgniter->runController(Object(App\Controllers\Taller))
 8 SYSTEMPATH\CodeIgniter.php(340): CodeIgniter\CodeIgniter->handleRequest(null, Object(Config\Cache), false)
 9 FCPATH\index.php(67): CodeIgniter\CodeIgniter->run()
CRITICAL - 2023-10-03 15:16:26 --> Undefined variable $foto
in APPPATH\Views\taller\detalleTallerView.php on line 11.
 1 APPPATH\Views\taller\detalleTallerView.php(11): CodeIgniter\Debug\Exceptions->errorHandler(2, 'Undefined variable $foto', 'APPPATH\\Views\\taller\\detalleTallerView.php', 11)
 2 SYSTEMPATH\View\View.php(213): include('APPPATH\\Views\\taller\\detalleTallerView.php')
 3 SYSTEMPATH\View\View.php(216): CodeIgniter\View\View->CodeIgniter\View\{closure}()
 4 SYSTEMPATH\Common.php(1137): CodeIgniter\View\View->render('taller/detalleTallerView', [], true)
 5 APPPATH\Controllers\Taller.php(414): view('taller/detalleTallerView', [...])
 6 SYSTEMPATH\CodeIgniter.php(904): App\Controllers\Taller->detalleTaller()
 7 SYSTEMPATH\CodeIgniter.php(457): CodeIgniter\CodeIgniter->runController(Object(App\Controllers\Taller))
 8 SYSTEMPATH\CodeIgniter.php(340): CodeIgniter\CodeIgniter->handleRequest(null, Object(Config\Cache), false)
 9 FCPATH\index.php(67): CodeIgniter\CodeIgniter->run()
CRITICAL - 2023-10-03 15:16:26 --> Undefined variable $foto
in APPPATH\Views\taller\detalleTallerView.php on line 11.
 1 APPPATH\Views\taller\detalleTallerView.php(11): CodeIgniter\Debug\Exceptions->errorHandler(2, 'Undefined variable $foto', 'APPPATH\\Views\\taller\\detalleTallerView.php', 11)
 2 SYSTEMPATH\View\View.php(213): include('APPPATH\\Views\\taller\\detalleTallerView.php')
 3 SYSTEMPATH\View\View.php(216): CodeIgniter\View\View->CodeIgniter\View\{closure}()
 4 SYSTEMPATH\Common.php(1137): CodeIgniter\View\View->render('taller/detalleTallerView', [], true)
 5 APPPATH\Controllers\Taller.php(414): view('taller/detalleTallerView', [...])
 6 SYSTEMPATH\CodeIgniter.php(904): App\Controllers\Taller->detalleTaller()
 7 SYSTEMPATH\CodeIgniter.php(457): CodeIgniter\CodeIgniter->runController(Object(App\Controllers\Taller))
 8 SYSTEMPATH\CodeIgniter.php(340): CodeIgniter\CodeIgniter->handleRequest(null, Object(Config\Cache), false)
 9 FCPATH\index.php(67): CodeIgniter\CodeIgniter->run()
CRITICAL - 2023-10-03 15:16:26 --> Undefined variable $foto
in APPPATH\Views\taller\detalleTallerView.php on line 11.
 1 APPPATH\Views\taller\detalleTallerView.php(11): CodeIgniter\Debug\Exceptions->errorHandler(2, 'Undefined variable $foto', 'APPPATH\\Views\\taller\\detalleTallerView.php', 11)
 2 SYSTEMPATH\View\View.php(213): include('APPPATH\\Views\\taller\\detalleTallerView.php')
 3 SYSTEMPATH\View\View.php(216): CodeIgniter\View\View->CodeIgniter\View\{closure}()
 4 SYSTEMPATH\Common.php(1137): CodeIgniter\View\View->render('taller/detalleTallerView', [], true)
 5 APPPATH\Controllers\Taller.php(414): view('taller/detalleTallerView', [...])
 6 SYSTEMPATH\CodeIgniter.php(904): App\Controllers\Taller->detalleTaller()
 7 SYSTEMPATH\CodeIgniter.php(457): CodeIgniter\CodeIgniter->runController(Object(App\Controllers\Taller))
 8 SYSTEMPATH\CodeIgniter.php(340): CodeIgniter\CodeIgniter->handleRequest(null, Object(Config\Cache), false)
 9 FCPATH\index.php(67): CodeIgniter\CodeIgniter->run()
CRITICAL - 2023-10-03 15:16:27 --> Undefined variable $foto
in APPPATH\Views\taller\detalleTallerView.php on line 11.
 1 APPPATH\Views\taller\detalleTallerView.php(11): CodeIgniter\Debug\Exceptions->errorHandler(2, 'Undefined variable $foto', 'APPPATH\\Views\\taller\\detalleTallerView.php', 11)
 2 SYSTEMPATH\View\View.php(213): include('APPPATH\\Views\\taller\\detalleTallerView.php')
 3 SYSTEMPATH\View\View.php(216): CodeIgniter\View\View->CodeIgniter\View\{closure}()
 4 SYSTEMPATH\Common.php(1137): CodeIgniter\View\View->render('taller/detalleTallerView', [], true)
 5 APPPATH\Controllers\Taller.php(414): view('taller/detalleTallerView', [...])
 6 SYSTEMPATH\CodeIgniter.php(904): App\Controllers\Taller->detalleTaller()
 7 SYSTEMPATH\CodeIgniter.php(457): CodeIgniter\CodeIgniter->runController(Object(App\Controllers\Taller))
 8 SYSTEMPATH\CodeIgniter.php(340): CodeIgniter\CodeIgniter->handleRequest(null, Object(Config\Cache), false)
 9 FCPATH\index.php(67): CodeIgniter\CodeIgniter->run()
CRITICAL - 2023-10-03 15:16:27 --> Undefined variable $foto
in APPPATH\Views\taller\detalleTallerView.php on line 11.
 1 APPPATH\Views\taller\detalleTallerView.php(11): CodeIgniter\Debug\Exceptions->errorHandler(2, 'Undefined variable $foto', 'APPPATH\\Views\\taller\\detalleTallerView.php', 11)
 2 SYSTEMPATH\View\View.php(213): include('APPPATH\\Views\\taller\\detalleTallerView.php')
 3 SYSTEMPATH\View\View.php(216): CodeIgniter\View\View->CodeIgniter\View\{closure}()
 4 SYSTEMPATH\Common.php(1137): CodeIgniter\View\View->render('taller/detalleTallerView', [], true)
 5 APPPATH\Controllers\Taller.php(414): view('taller/detalleTallerView', [...])
 6 SYSTEMPATH\CodeIgniter.php(904): App\Controllers\Taller->detalleTaller()
 7 SYSTEMPATH\CodeIgniter.php(457): CodeIgniter\CodeIgniter->runController(Object(App\Controllers\Taller))
 8 SYSTEMPATH\CodeIgniter.php(340): CodeIgniter\CodeIgniter->handleRequest(null, Object(Config\Cache), false)
 9 FCPATH\index.php(67): CodeIgniter\CodeIgniter->run()
CRITICAL - 2023-10-03 15:16:32 --> Undefined variable $foto
in APPPATH\Views\taller\detalleTallerView.php on line 11.
 1 APPPATH\Views\taller\detalleTallerView.php(11): CodeIgniter\Debug\Exceptions->errorHandler(2, 'Undefined variable $foto', 'APPPATH\\Views\\taller\\detalleTallerView.php', 11)
 2 SYSTEMPATH\View\View.php(213): include('APPPATH\\Views\\taller\\detalleTallerView.php')
 3 SYSTEMPATH\View\View.php(216): CodeIgniter\View\View->CodeIgniter\View\{closure}()
 4 SYSTEMPATH\Common.php(1137): CodeIgniter\View\View->render('taller/detalleTallerView', [], true)
 5 APPPATH\Controllers\Taller.php(414): view('taller/detalleTallerView', [...])
 6 SYSTEMPATH\CodeIgniter.php(904): App\Controllers\Taller->detalleTaller()
 7 SYSTEMPATH\CodeIgniter.php(457): CodeIgniter\CodeIgniter->runController(Object(App\Controllers\Taller))
 8 SYSTEMPATH\CodeIgniter.php(340): CodeIgniter\CodeIgniter->handleRequest(null, Object(Config\Cache), false)
 9 FCPATH\index.php(67): CodeIgniter\CodeIgniter->run()
CRITICAL - 2023-10-03 15:16:36 --> Undefined variable $foto
in APPPATH\Views\taller\detalleTallerView.php on line 11.
 1 APPPATH\Views\taller\detalleTallerView.php(11): CodeIgniter\Debug\Exceptions->errorHandler(2, 'Undefined variable $foto', 'APPPATH\\Views\\taller\\detalleTallerView.php', 11)
 2 SYSTEMPATH\View\View.php(213): include('APPPATH\\Views\\taller\\detalleTallerView.php')
 3 SYSTEMPATH\View\View.php(216): CodeIgniter\View\View->CodeIgniter\View\{closure}()
 4 SYSTEMPATH\Common.php(1137): CodeIgniter\View\View->render('taller/detalleTallerView', [], true)
 5 APPPATH\Controllers\Taller.php(414): view('taller/detalleTallerView', [...])
 6 SYSTEMPATH\CodeIgniter.php(904): App\Controllers\Taller->detalleTaller()
 7 SYSTEMPATH\CodeIgniter.php(457): CodeIgniter\CodeIgniter->runController(Object(App\Controllers\Taller))
 8 SYSTEMPATH\CodeIgniter.php(340): CodeIgniter\CodeIgniter->handleRequest(null, Object(Config\Cache), false)
 9 FCPATH\index.php(67): CodeIgniter\CodeIgniter->run()
CRITICAL - 2023-10-03 15:17:47 --> Undefined variable $nombre
in APPPATH\Views\taller\detalleTallerView.php on line 1.
 1 APPPATH\Views\taller\detalleTallerView.php(1): CodeIgniter\Debug\Exceptions->errorHandler(2, 'Undefined variable $nombre', 'APPPATH\\Views\\taller\\detalleTallerView.php', 1)
 2 SYSTEMPATH\View\View.php(213): include('APPPATH\\Views\\taller\\detalleTallerView.php')
 3 SYSTEMPATH\View\View.php(216): CodeIgniter\View\View->CodeIgniter\View\{closure}()
 4 SYSTEMPATH\Common.php(1137): CodeIgniter\View\View->render('taller/detalleTallerView', [], true)
 5 APPPATH\Controllers\Taller.php(415): view('taller/detalleTallerView', [...])
 6 SYSTEMPATH\CodeIgniter.php(904): App\Controllers\Taller->detalleTaller()
 7 SYSTEMPATH\CodeIgniter.php(457): CodeIgniter\CodeIgniter->runController(Object(App\Controllers\Taller))
 8 SYSTEMPATH\CodeIgniter.php(340): CodeIgniter\CodeIgniter->handleRequest(null, Object(Config\Cache), false)
 9 FCPATH\index.php(67): CodeIgniter\CodeIgniter->run()
CRITICAL - 2023-10-03 15:18:39 --> Undefined variable $nombre
in APPPATH\Views\taller\detalleTallerView.php on line 1.
 1 APPPATH\Views\taller\detalleTallerView.php(1): CodeIgniter\Debug\Exceptions->errorHandler(2, 'Undefined variable $nombre', 'APPPATH\\Views\\taller\\detalleTallerView.php', 1)
 2 SYSTEMPATH\View\View.php(213): include('APPPATH\\Views\\taller\\detalleTallerView.php')
 3 SYSTEMPATH\View\View.php(216): CodeIgniter\View\View->CodeIgniter\View\{closure}()
 4 SYSTEMPATH\Common.php(1137): CodeIgniter\View\View->render('taller/detalleTallerView', [], true)
 5 APPPATH\Controllers\Taller.php(412): view('taller/detalleTallerView', [...])
 6 SYSTEMPATH\CodeIgniter.php(904): App\Controllers\Taller->detalleTaller()
 7 SYSTEMPATH\CodeIgniter.php(457): CodeIgniter\CodeIgniter->runController(Object(App\Controllers\Taller))
 8 SYSTEMPATH\CodeIgniter.php(340): CodeIgniter\CodeIgniter->handleRequest(null, Object(Config\Cache), false)
 9 FCPATH\index.php(67): CodeIgniter\CodeIgniter->run()
CRITICAL - 2023-10-03 15:21:53 --> Undefined variable $foto
in APPPATH\Views\taller\detalleTallerView.php on line 11.
 1 APPPATH\Views\taller\detalleTallerView.php(11): CodeIgniter\Debug\Exceptions->errorHandler(2, 'Undefined variable $foto', 'APPPATH\\Views\\taller\\detalleTallerView.php', 11)
 2 SYSTEMPATH\View\View.php(213): include('APPPATH\\Views\\taller\\detalleTallerView.php')
 3 SYSTEMPATH\View\View.php(216): CodeIgniter\View\View->CodeIgniter\View\{closure}()
 4 SYSTEMPATH\Common.php(1137): CodeIgniter\View\View->render('taller/detalleTallerView', [], true)
 5 APPPATH\Controllers\Taller.php(411): view('taller/detalleTallerView', [...])
 6 SYSTEMPATH\CodeIgniter.php(904): App\Controllers\Taller->detalleTaller()
 7 SYSTEMPATH\CodeIgniter.php(457): CodeIgniter\CodeIgniter->runController(Object(App\Controllers\Taller))
 8 SYSTEMPATH\CodeIgniter.php(340): CodeIgniter\CodeIgniter->handleRequest(null, Object(Config\Cache), false)
 9 FCPATH\index.php(67): CodeIgniter\CodeIgniter->run()
CRITICAL - 2023-10-03 15:22:08 --> Undefined variable $foto
in APPPATH\Views\taller\detalleTallerView.php on line 11.
 1 APPPATH\Views\taller\detalleTallerView.php(11): CodeIgniter\Debug\Exceptions->errorHandler(2, 'Undefined variable $foto', 'APPPATH\\Views\\taller\\detalleTallerView.php', 11)
 2 SYSTEMPATH\View\View.php(213): include('APPPATH\\Views\\taller\\detalleTallerView.php')
 3 SYSTEMPATH\View\View.php(216): CodeIgniter\View\View->CodeIgniter\View\{closure}()
 4 SYSTEMPATH\Common.php(1137): CodeIgniter\View\View->render('taller/detalleTallerView', [], true)
 5 APPPATH\Controllers\Taller.php(411): view('taller/detalleTallerView', [...])
 6 SYSTEMPATH\CodeIgniter.php(904): App\Controllers\Taller->detalleTaller()
 7 SYSTEMPATH\CodeIgniter.php(457): CodeIgniter\CodeIgniter->runController(Object(App\Controllers\Taller))
 8 SYSTEMPATH\CodeIgniter.php(340): CodeIgniter\CodeIgniter->handleRequest(null, Object(Config\Cache), false)
 9 FCPATH\index.php(67): CodeIgniter\CodeIgniter->run()
CRITICAL - 2023-10-03 15:22:44 --> syntax error, unexpected token "}"
in APPPATH\Controllers\Taller.php on line 408.
 1 SYSTEMPATH\Router\Router.php(499): CodeIgniter\Router\AutoRouter->getRoute('taller/detalletaller')
 2 SYSTEMPATH\Router\Router.php(205): CodeIgniter\Router\Router->autoRoute('taller/detalletaller')
 3 SYSTEMPATH\CodeIgniter.php(779): CodeIgniter\Router\Router->handle('taller/detalletaller')
 4 SYSTEMPATH\CodeIgniter.php(406): CodeIgniter\CodeIgniter->tryToRouteIt(Object(CodeIgniter\Router\RouteCollection))
 5 SYSTEMPATH\CodeIgniter.php(340): CodeIgniter\CodeIgniter->handleRequest(null, Object(Config\Cache), false)
 6 FCPATH\index.php(67): CodeIgniter\CodeIgniter->run()
CRITICAL - 2023-10-03 15:22:50 --> Undefined variable $idTaller
in APPPATH\Views\taller\detalleTallerView.php on line 11.
 1 APPPATH\Views\taller\detalleTallerView.php(11): CodeIgniter\Debug\Exceptions->errorHandler(2, 'Undefined variable $idTaller', 'APPPATH\\Views\\taller\\detalleTallerView.php', 11)
 2 SYSTEMPATH\View\View.php(213): include('APPPATH\\Views\\taller\\detalleTallerView.php')
 3 SYSTEMPATH\View\View.php(216): CodeIgniter\View\View->CodeIgniter\View\{closure}()
 4 SYSTEMPATH\Common.php(1137): CodeIgniter\View\View->render('taller/detalleTallerView', [], true)
 5 APPPATH\Controllers\Taller.php(412): view('taller/detalleTallerView', [...])
 6 SYSTEMPATH\CodeIgniter.php(904): App\Controllers\Taller->detalleTaller()
 7 SYSTEMPATH\CodeIgniter.php(457): CodeIgniter\CodeIgniter->runController(Object(App\Controllers\Taller))
 8 SYSTEMPATH\CodeIgniter.php(340): CodeIgniter\CodeIgniter->handleRequest(null, Object(Config\Cache), false)
 9 FCPATH\index.php(67): CodeIgniter\CodeIgniter->run()
CRITICAL - 2023-10-03 15:23:22 --> Undefined variable $primerApellido
in APPPATH\Views\taller\detalleTallerView.php on line 17.
 1 APPPATH\Views\taller\detalleTallerView.php(17): CodeIgniter\Debug\Exceptions->errorHandler(2, 'Undefined variable $primerApellido', 'APPPATH\\Views\\taller\\detalleTallerView.php', 17)
 2 SYSTEMPATH\View\View.php(213): include('APPPATH\\Views\\taller\\detalleTallerView.php')
 3 SYSTEMPATH\View\View.php(216): CodeIgniter\View\View->CodeIgniter\View\{closure}()
 4 SYSTEMPATH\Common.php(1137): CodeIgniter\View\View->render('taller/detalleTallerView', [], true)
 5 APPPATH\Controllers\Taller.php(413): view('taller/detalleTallerView', [...])
 6 SYSTEMPATH\CodeIgniter.php(904): App\Controllers\Taller->detalleTaller()
 7 SYSTEMPATH\CodeIgniter.php(457): CodeIgniter\CodeIgniter->runController(Object(App\Controllers\Taller))
 8 SYSTEMPATH\CodeIgniter.php(340): CodeIgniter\CodeIgniter->handleRequest(null, Object(Config\Cache), false)
 9 FCPATH\index.php(67): CodeIgniter\CodeIgniter->run()
CRITICAL - 2023-10-03 15:24:30 --> nl2br(): Argument #1 ($string) must be of type string, array given
in APPPATH\Views\taller\detalleTallerView.php on line 48.
 1 APPPATH\Views\taller\detalleTallerView.php(48): nl2br([...])
 2 SYSTEMPATH\View\View.php(213): include('APPPATH\\Views\\taller\\detalleTallerView.php')
 3 SYSTEMPATH\View\View.php(216): CodeIgniter\View\View->CodeIgniter\View\{closure}()
 4 SYSTEMPATH\Common.php(1137): CodeIgniter\View\View->render('taller/detalleTallerView', [], true)
 5 APPPATH\Controllers\Taller.php(413): view('taller/detalleTallerView', [...])
 6 SYSTEMPATH\CodeIgniter.php(904): App\Controllers\Taller->detalleTaller()
 7 SYSTEMPATH\CodeIgniter.php(457): CodeIgniter\CodeIgniter->runController(Object(App\Controllers\Taller))
 8 SYSTEMPATH\CodeIgniter.php(340): CodeIgniter\CodeIgniter->handleRequest(null, Object(Config\Cache), false)
 9 FCPATH\index.php(67): CodeIgniter\CodeIgniter->run()
CRITICAL - 2023-10-03 15:37:52 --> Undefined variable $idUsuario
in APPPATH\Controllers\Taller.php on line 413.
 1 APPPATH\Controllers\Taller.php(413): CodeIgniter\Debug\Exceptions->errorHandler(2, 'Undefined variable $idUsuario', 'APPPATH\\Controllers\\Taller.php', 413)
 2 SYSTEMPATH\CodeIgniter.php(904): App\Controllers\Taller->detalleTaller()
 3 SYSTEMPATH\CodeIgniter.php(457): CodeIgniter\CodeIgniter->runController(Object(App\Controllers\Taller))
 4 SYSTEMPATH\CodeIgniter.php(340): CodeIgniter\CodeIgniter->handleRequest(null, Object(Config\Cache), false)
 5 FCPATH\index.php(67): CodeIgniter\CodeIgniter->run()
CRITICAL - 2023-10-03 15:41:10 --> Undefined property: stdClass::$horaInicio
in APPPATH\Views\taller\detalleTallerView.php on line 50.
 1 APPPATH\Views\taller\detalleTallerView.php(50): CodeIgniter\Debug\Exceptions->errorHandler(2, 'Undefined property: stdClass::$horaInicio', 'APPPATH\\Views\\taller\\detalleTallerView.php', 50)
 2 SYSTEMPATH\View\View.php(213): include('APPPATH\\Views\\taller\\detalleTallerView.php')
 3 SYSTEMPATH\View\View.php(216): CodeIgniter\View\View->CodeIgniter\View\{closure}()
 4 SYSTEMPATH\Common.php(1137): CodeIgniter\View\View->render('taller/detalleTallerView', [], true)
 5 APPPATH\Controllers\Taller.php(415): view('taller/detalleTallerView', [...])
 6 SYSTEMPATH\CodeIgniter.php(904): App\Controllers\Taller->detalleTaller()
 7 SYSTEMPATH\CodeIgniter.php(457): CodeIgniter\CodeIgniter->runController(Object(App\Controllers\Taller))
 8 SYSTEMPATH\CodeIgniter.php(340): CodeIgniter\CodeIgniter->handleRequest(null, Object(Config\Cache), false)
 9 FCPATH\index.php(67): CodeIgniter\CodeIgniter->run()
