CRITICAL - 2023-11-22 15:24:04 --> Undefined variable $cursos
in APPPATH\Views\paginaPrincipal.php on line 83.
 1 APPPATH\Views\paginaPrincipal.php(83): CodeIgniter\Debug\Exceptions->errorHandler(2, 'Undefined variable $cursos', 'APPPATH\\Views\\paginaPrincipal.php', 83)
 2 SYSTEMPATH\View\View.php(213): include('APPPATH\\Views\\paginaPrincipal.php')
 3 SYSTEMPATH\View\View.php(216): CodeIgniter\View\View->CodeIgniter\View\{closure}()
 4 SYSTEMPATH\Common.php(1137): CodeIgniter\View\View->render('paginaPrincipal', [], true)
 5 APPPATH\Controllers\Home.php(10): view('paginaPrincipal')
 6 SYSTEMPATH\CodeIgniter.php(904): App\Controllers\Home->index()
 7 SYSTEMPATH\CodeIgniter.php(457): CodeIgniter\CodeIgniter->runController(Object(App\Controllers\Home))
 8 SYSTEMPATH\CodeIgniter.php(340): CodeIgniter\CodeIgniter->handleRequest(null, Object(Config\Cache), false)
 9 FCPATH\index.php(67): CodeIgniter\CodeIgniter->run()
CRITICAL - 2023-11-22 15:25:07 --> Undefined variable $cursos
in APPPATH\Views\paginaPrincipal.php on line 83.
 1 APPPATH\Views\paginaPrincipal.php(83): CodeIgniter\Debug\Exceptions->errorHandler(2, 'Undefined variable $cursos', 'APPPATH\\Views\\paginaPrincipal.php', 83)
 2 SYSTEMPATH\View\View.php(213): include('APPPATH\\Views\\paginaPrincipal.php')
 3 SYSTEMPATH\View\View.php(216): CodeIgniter\View\View->CodeIgniter\View\{closure}()
 4 SYSTEMPATH\Common.php(1137): CodeIgniter\View\View->render('paginaPrincipal', [], true)
 5 APPPATH\Controllers\Home.php(10): view('paginaPrincipal')
 6 SYSTEMPATH\CodeIgniter.php(904): App\Controllers\Home->index()
 7 SYSTEMPATH\CodeIgniter.php(457): CodeIgniter\CodeIgniter->runController(Object(App\Controllers\Home))
 8 SYSTEMPATH\CodeIgniter.php(340): CodeIgniter\CodeIgniter->handleRequest(null, Object(Config\Cache), false)
 9 FCPATH\index.php(67): CodeIgniter\CodeIgniter->run()
CRITICAL - 2023-11-22 15:25:09 --> Undefined variable $cursos
in APPPATH\Views\paginaPrincipal.php on line 83.
 1 APPPATH\Views\paginaPrincipal.php(83): CodeIgniter\Debug\Exceptions->errorHandler(2, 'Undefined variable $cursos', 'APPPATH\\Views\\paginaPrincipal.php', 83)
 2 SYSTEMPATH\View\View.php(213): include('APPPATH\\Views\\paginaPrincipal.php')
 3 SYSTEMPATH\View\View.php(216): CodeIgniter\View\View->CodeIgniter\View\{closure}()
 4 SYSTEMPATH\Common.php(1137): CodeIgniter\View\View->render('paginaPrincipal', [], true)
 5 APPPATH\Controllers\Home.php(10): view('paginaPrincipal')
 6 SYSTEMPATH\CodeIgniter.php(904): App\Controllers\Home->index()
 7 SYSTEMPATH\CodeIgniter.php(457): CodeIgniter\CodeIgniter->runController(Object(App\Controllers\Home))
 8 SYSTEMPATH\CodeIgniter.php(340): CodeIgniter\CodeIgniter->handleRequest(null, Object(Config\Cache), false)
 9 FCPATH\index.php(67): CodeIgniter\CodeIgniter->run()
CRITICAL - 2023-11-22 15:27:13 --> count(): Argument #1 ($value) must be of type Countable|array, null given
in APPPATH\Views\paginaPrincipal.php on line 82.
 1 SYSTEMPATH\View\View.php(213): include()
 2 SYSTEMPATH\View\View.php(216): CodeIgniter\View\View->CodeIgniter\View\{closure}()
 3 SYSTEMPATH\Common.php(1137): CodeIgniter\View\View->render('paginaPrincipal', [], true)
 4 APPPATH\Controllers\Home.php(10): view('paginaPrincipal')
 5 SYSTEMPATH\CodeIgniter.php(904): App\Controllers\Home->index()
 6 SYSTEMPATH\CodeIgniter.php(457): CodeIgniter\CodeIgniter->runController(Object(App\Controllers\Home))
 7 SYSTEMPATH\CodeIgniter.php(340): CodeIgniter\CodeIgniter->handleRequest(null, Object(Config\Cache), false)
 8 FCPATH\index.php(67): CodeIgniter\CodeIgniter->run()
CRITICAL - 2023-11-22 15:27:59 --> Unmatched '}'
in APPPATH\Views\paginaPrincipal.php on line 98.
 1 SYSTEMPATH\View\View.php(216): CodeIgniter\View\View->CodeIgniter\View\{closure}()
 2 SYSTEMPATH\Common.php(1137): CodeIgniter\View\View->render('paginaPrincipal', [], true)
 3 APPPATH\Controllers\Home.php(10): view('paginaPrincipal')
 4 SYSTEMPATH\CodeIgniter.php(904): App\Controllers\Home->index()
 5 SYSTEMPATH\CodeIgniter.php(457): CodeIgniter\CodeIgniter->runController(Object(App\Controllers\Home))
 6 SYSTEMPATH\CodeIgniter.php(340): CodeIgniter\CodeIgniter->handleRequest(null, Object(Config\Cache), false)
 7 FCPATH\index.php(67): CodeIgniter\CodeIgniter->run()
CRITICAL - 2023-11-22 15:28:31 --> Unmatched '}'
in APPPATH\Views\paginaPrincipal.php on line 98.
 1 SYSTEMPATH\View\View.php(216): CodeIgniter\View\View->CodeIgniter\View\{closure}()
 2 SYSTEMPATH\Common.php(1137): CodeIgniter\View\View->render('paginaPrincipal', [], true)
 3 APPPATH\Controllers\Home.php(10): view('paginaPrincipal')
 4 SYSTEMPATH\CodeIgniter.php(904): App\Controllers\Home->index()
 5 SYSTEMPATH\CodeIgniter.php(457): CodeIgniter\CodeIgniter->runController(Object(App\Controllers\Home))
 6 SYSTEMPATH\CodeIgniter.php(340): CodeIgniter\CodeIgniter->handleRequest(null, Object(Config\Cache), false)
 7 FCPATH\index.php(67): CodeIgniter\CodeIgniter->run()
CRITICAL - 2023-11-22 15:30:09 --> Undefined variable $foro
in APPPATH\Views\paginaPrincipal.php on line 102.
 1 APPPATH\Views\paginaPrincipal.php(102): CodeIgniter\Debug\Exceptions->errorHandler(2, 'Undefined variable $foro', 'APPPATH\\Views\\paginaPrincipal.php', 102)
 2 SYSTEMPATH\View\View.php(213): include('APPPATH\\Views\\paginaPrincipal.php')
 3 SYSTEMPATH\View\View.php(216): CodeIgniter\View\View->CodeIgniter\View\{closure}()
 4 SYSTEMPATH\Common.php(1137): CodeIgniter\View\View->render('paginaPrincipal', [], true)
 5 APPPATH\Controllers\Home.php(10): view('paginaPrincipal')
 6 SYSTEMPATH\CodeIgniter.php(904): App\Controllers\Home->index()
 7 SYSTEMPATH\CodeIgniter.php(457): CodeIgniter\CodeIgniter->runController(Object(App\Controllers\Home))
 8 SYSTEMPATH\CodeIgniter.php(340): CodeIgniter\CodeIgniter->handleRequest(null, Object(Config\Cache), false)
 9 FCPATH\index.php(67): CodeIgniter\CodeIgniter->run()
CRITICAL - 2023-11-22 15:38:40 --> Namespace declaration statement has to be the very first statement or after any declare call in the script
in APPPATH\Controllers\Home.php on line 5.
 1 [internal function]: CodeIgniter\Debug\Exceptions->shutdownHandler()
CRITICAL - 2023-11-22 15:39:12 --> Undefined property: stdClass::$idUsuario
in APPPATH\Controllers\Home.php on line 23.
 1 APPPATH\Controllers\Home.php(23): CodeIgniter\Debug\Exceptions->errorHandler(2, 'Undefined property: stdClass::$idUsuario', 'APPPATH\\Controllers\\Home.php', 23)
 2 SYSTEMPATH\CodeIgniter.php(904): App\Controllers\Home->index()
 3 SYSTEMPATH\CodeIgniter.php(457): CodeIgniter\CodeIgniter->runController(Object(App\Controllers\Home))
 4 SYSTEMPATH\CodeIgniter.php(340): CodeIgniter\CodeIgniter->handleRequest(null, Object(Config\Cache), false)
 5 FCPATH\index.php(67): CodeIgniter\CodeIgniter->run()
CRITICAL - 2023-11-22 15:40:09 --> Undefined property: stdClass::$idUsuario
in APPPATH\Controllers\Home.php on line 23.
 1 APPPATH\Controllers\Home.php(23): CodeIgniter\Debug\Exceptions->errorHandler(2, 'Undefined property: stdClass::$idUsuario', 'APPPATH\\Controllers\\Home.php', 23)
 2 SYSTEMPATH\CodeIgniter.php(904): App\Controllers\Home->index()
 3 SYSTEMPATH\CodeIgniter.php(457): CodeIgniter\CodeIgniter->runController(Object(App\Controllers\Home))
 4 SYSTEMPATH\CodeIgniter.php(340): CodeIgniter\CodeIgniter->handleRequest(null, Object(Config\Cache), false)
 5 FCPATH\index.php(67): CodeIgniter\CodeIgniter->run()
CRITICAL - 2023-11-22 15:40:42 --> Undefined property: stdClass::$idUsuario
in APPPATH\Controllers\Home.php on line 23.
 1 APPPATH\Controllers\Home.php(23): CodeIgniter\Debug\Exceptions->errorHandler(2, 'Undefined property: stdClass::$idUsuario', 'APPPATH\\Controllers\\Home.php', 23)
 2 SYSTEMPATH\CodeIgniter.php(904): App\Controllers\Home->index()
 3 SYSTEMPATH\CodeIgniter.php(457): CodeIgniter\CodeIgniter->runController(Object(App\Controllers\Home))
 4 SYSTEMPATH\CodeIgniter.php(340): CodeIgniter\CodeIgniter->handleRequest(null, Object(Config\Cache), false)
 5 FCPATH\index.php(67): CodeIgniter\CodeIgniter->run()
CRITICAL - 2023-11-22 15:52:17 --> Undefined property: stdClass::$idUsuario
in APPPATH\Controllers\Home.php on line 23.
 1 APPPATH\Controllers\Home.php(23): CodeIgniter\Debug\Exceptions->errorHandler(2, 'Undefined property: stdClass::$idUsuario', 'APPPATH\\Controllers\\Home.php', 23)
 2 SYSTEMPATH\CodeIgniter.php(904): App\Controllers\Home->index()
 3 SYSTEMPATH\CodeIgniter.php(457): CodeIgniter\CodeIgniter->runController(Object(App\Controllers\Home))
 4 SYSTEMPATH\CodeIgniter.php(340): CodeIgniter\CodeIgniter->handleRequest(null, Object(Config\Cache), false)
 5 FCPATH\index.php(67): CodeIgniter\CodeIgniter->run()
